[DEBUG] 2018-02-07 10:41:21,719 uk.gov.dwp.uc.dip.schemagenerator.transformtable.TransformTableGenerator - source table:src_accepted_data_overlappingbenefit_overlappingbenefit, target table: overlappingBenefit, removed enabled: true
[DEBUG] 2018-02-07 10:41:21,775 uk.gov.dwp.uc.dip.schemagenerator.transformtable.TransformTableGenerator - source table:src_accepted_data_graceperiod_graceperiod, target table: gracePeriod, removed enabled: true
[DEBUG] 2018-02-07 10:41:21,786 uk.gov.dwp.uc.dip.schemagenerator.transformtable.TransformTableGenerator - source table:src_accepted_data_capital_capital, target table: capital, removed enabled: true
[DEBUG] 2018-02-07 10:41:21,796 uk.gov.dwp.uc.dip.schemagenerator.transformtable.TransformTableGenerator - source table:src_accepted_data_childrencircumstances_childrencircumstances, target table: childrenCircumstances, removed enabled: true
[DEBUG] 2018-02-07 10:41:21,813 uk.gov.dwp.uc.dip.schemagenerator.transformtable.TransformTableGenerator - source table:src_accepted_data_housingentitlement_housingentitlement, target table: housingEntitlement, removed enabled: true
[DEBUG] 2018-02-07 10:41:21,820 uk.gov.dwp.uc.dip.schemagenerator.transformtable.TransformTableGenerator - source table:src_accepted_data_healthanddisabilitycircumstances_healthanddisabilitycircumstances, target table: healthAndDisabilityCircumstances, removed enabled: true
[DEBUG] 2018-02-07 10:41:21,829 uk.gov.dwp.uc.dip.schemagenerator.transformtable.TransformTableGenerator - source table:src_accepted_data_employmentcircumstances_employmentcircumstances, target table: employmentCircumstances, removed enabled: true
[DEBUG] 2018-02-07 10:41:21,835 uk.gov.dwp.uc.dip.schemagenerator.transformtable.TransformTableGenerator - source table:src_accepted_data_guardiansallowance_guardiansallowance, target table: guardiansAllowance, removed enabled: true
[DEBUG] 2018-02-07 10:41:21,839 uk.gov.dwp.uc.dip.schemagenerator.transformtable.TransformTableGenerator - source table:src_accepted_data_healthcircumstances_healthcircumstances, target table: healthCircumstances, removed enabled: true
[DEBUG] 2018-02-07 10:41:21,844 uk.gov.dwp.uc.dip.schemagenerator.transformtable.TransformTableGenerator - source table:src_accepted_data_persondetails_persondetails, target table: personDetails, removed enabled: true
[DEBUG] 2018-02-07 10:41:21,848 uk.gov.dwp.uc.dip.schemagenerator.transformtable.TransformTableGenerator - source table:src_accepted_data_bankdetails_bankdetails, target table: bankDetails, removed enabled: true
[DEBUG] 2018-02-07 10:41:21,852 uk.gov.dwp.uc.dip.schemagenerator.transformtable.TransformTableGenerator - source table:src_accepted_data_otherbenefit_otherbenefit, target table: otherBenefit, removed enabled: true
[DEBUG] 2018-02-07 10:41:21,861 uk.gov.dwp.uc.dip.schemagenerator.transformtable.TransformTableGenerator - source table:src_accepted_data_apa_apa, target table: apa, removed enabled: true
[DEBUG] 2018-02-07 10:41:21,863 uk.gov.dwp.uc.dip.schemagenerator.transformtable.TransformTableGenerator - source table:src_accepted_data_calculatedeductions_calculatedeductions, target table: calculateDeductions, removed enabled: true
[DEBUG] 2018-02-07 10:41:21,866 uk.gov.dwp.uc.dip.schemagenerator.transformtable.TransformTableGenerator - source table:src_accepted_data_address_address, target table: address, removed enabled: true
[DEBUG] 2018-02-07 10:41:21,869 uk.gov.dwp.uc.dip.schemagenerator.transformtable.TransformTableGenerator - source table:src_accepted_data_ineligiblepartner_ineligiblepartner, target table: ineligiblePartner, removed enabled: true
[DEBUG] 2018-02-07 10:41:21,871 uk.gov.dwp.uc.dip.schemagenerator.transformtable.TransformTableGenerator - source table:src_accepted_data_pregnancy_pregnancy, target table: pregnancy, removed enabled: true
[DEBUG] 2018-02-07 10:41:21,874 uk.gov.dwp.uc.dip.schemagenerator.transformtable.TransformTableGenerator - source table:src_accepted_data_workandearningscircumstances_workandearningscircumstances, target table: workAndEarningsCircumstances, removed enabled: true
[DEBUG] 2018-02-07 10:41:21,877 uk.gov.dwp.uc.dip.schemagenerator.transformtable.TransformTableGenerator - source table:src_accepted_data_carersallowance_carersallowance, target table: carersAllowance, removed enabled: true
[DEBUG] 2018-02-07 10:41:21,879 uk.gov.dwp.uc.dip.schemagenerator.transformtable.TransformTableGenerator - source table:src_accepted_data_supportformortgageinterest_supportformortgageinterest, target table: supportForMortgageInterest, removed enabled: true
[DEBUG] 2018-02-07 10:41:21,881 uk.gov.dwp.uc.dip.schemagenerator.transformtable.TransformTableGenerator - source table:src_accepted_data_terminalillness_terminalillness, target table: terminalIllness, removed enabled: true
[DEBUG] 2018-02-07 10:41:21,883 uk.gov.dwp.uc.dip.schemagenerator.transformtable.TransformTableGenerator - source table:src_accepted_data_childelementeligibility_childelementeligibility, target table: childElementEligibility, removed enabled: true
[DEBUG] 2018-02-07 10:41:21,886 uk.gov.dwp.uc.dip.schemagenerator.transformtable.TransformTableGenerator - source table:src_accepted_data_otherincome_otherincome, target table: otherIncome, removed enabled: true
[DEBUG] 2018-02-07 10:41:21,889 uk.gov.dwp.uc.dip.schemagenerator.transformtable.TransformTableGenerator - source table:src_accepted_data_nationality_nationality, target table: nationality, removed enabled: true
[DEBUG] 2018-02-07 10:41:21,892 uk.gov.dwp.uc.dip.schemagenerator.transformtable.TransformTableGenerator - source table:src_accepted_data_carercircumstances_carercircumstances, target table: carerCircumstances, removed enabled: true
[DEBUG] 2018-02-07 10:41:21,895 uk.gov.dwp.uc.dip.schemagenerator.transformtable.TransformTableGenerator - source table:src_accepted_data_previousearnings_previousearnings, target table: previousEarnings, removed enabled: true
[DEBUG] 2018-02-07 10:41:21,898 uk.gov.dwp.uc.dip.schemagenerator.transformtable.TransformTableGenerator - source table:src_accepted_data_childcare_childcare, target table: childcare, removed enabled: true
[DEBUG] 2018-02-07 10:41:21,907 uk.gov.dwp.uc.dip.schemagenerator.transformtable.TransformTableGenerator - source table:src_accepted_data_educationcircumstances_educationcircumstances, target table: educationCircumstances, removed enabled: true
[DEBUG] 2018-02-07 10:41:21,909 uk.gov.dwp.uc.dip.schemagenerator.transformtable.TransformTableGenerator - source table:src_accepted_data_partnerquestion_partnerquestion, target table: partnerQuestion, removed enabled: true
[DEBUG] 2018-02-07 10:41:21,912 uk.gov.dwp.uc.dip.schemagenerator.transformtable.TransformTableGenerator - source table:src_accepted_data_housingcircumstances_housingcircumstances, target table: housingCircumstances, removed enabled: true
[DEBUG] 2018-02-07 10:41:21,919 uk.gov.dwp.uc.dip.schemagenerator.transformtable.TransformTableGenerator - source table:src_accepted_data_workcapabilityassessmentdecision_workcapabilityassessmentdecision, target table: workCapabilityAssessmentDecision, removed enabled: true
[DEBUG] 2018-02-07 10:41:22,544 uk.gov.dwp.uc.dip.schemagenerator.transformtable.TransformTableGenerator - source table:src_accepted_data_earningsdata_earningsdata_self_reported, target table: earningsData_SELF_REPORTED, removed enabled: true
[DEBUG] 2018-02-07 10:41:22,610 uk.gov.dwp.uc.dip.schemagenerator.transformtable.TransformTableGenerator - source table:src_accepted_data_earningsdata_earningsdata_self_employed_earnings_with_latest_mif_data, target table: earningsData_SELF_EMPLOYED_EARNINGS_WITH_LATEST_MIF_DATA, removed enabled: true
[DEBUG] 2018-02-07 10:41:22,629 uk.gov.dwp.uc.dip.schemagenerator.transformtable.TransformTableGenerator - source table:src_accepted_data_earningsdata_earningsdata_self_employed, target table: earningsData_SELF_EMPLOYED, removed enabled: true
[DEBUG] 2018-02-07 10:41:22,637 uk.gov.dwp.uc.dip.schemagenerator.transformtable.TransformTableGenerator - source table:src_accepted_data_earningsdata_earningsdata_calculated_earnings, target table: earningsData_CALCULATED_EARNINGS, removed enabled: true
[DEBUG] 2018-02-07 10:41:22,648 uk.gov.dwp.uc.dip.schemagenerator.transformtable.TransformTableGenerator - source table:src_accepted_data_earningsdata_earningsdata_rte_feed_to_do, target table: earningsData_RTE_FEED_TO_DO, removed enabled: true
[DEBUG] 2018-02-07 10:41:23,259 uk.gov.dwp.uc.dip.schemagenerator.transformtable.TransformTableGenerator - source table:src_agent_core_agent_agent, target table: agent, removed enabled: true
[DEBUG] 2018-02-07 10:41:23,320 uk.gov.dwp.uc.dip.schemagenerator.transformtable.TransformTableGenerator - source table:src_accepted_data_claimantidentityverification_claimantidentityverification, target table: claimantIdentityVerification, removed enabled: true
[DEBUG] 2018-02-07 10:41:23,326 uk.gov.dwp.uc.dip.schemagenerator.transformtable.TransformTableGenerator - source table:src_deductions_debtinterest_debtinterest, target table: debtInterest, removed enabled: true
[DEBUG] 2018-02-07 10:41:23,335 uk.gov.dwp.uc.dip.schemagenerator.transformtable.TransformTableGenerator - source table:src_core_periodofsickness_periodofsickness, target table: periodOfSickness, removed enabled: true
[DEBUG] 2018-02-07 10:41:23,350 uk.gov.dwp.uc.dip.schemagenerator.transformtable.TransformTableGenerator - source table:src_organisation_deliveryunitaddress_deliveryunitaddress, target table: deliveryUnitAddress, removed enabled: true
[DEBUG] 2018-02-07 10:41:23,356 uk.gov.dwp.uc.dip.schemagenerator.transformtable.TransformTableGenerator - source table:src_core_healthanddisabilitydeclaration_healthanddisabilitydeclaration, target table: healthAndDisabilityDeclaration, removed enabled: true
[DEBUG] 2018-02-07 10:41:23,368 uk.gov.dwp.uc.dip.schemagenerator.transformtable.TransformTableGenerator - source table:src_appointments_appointment_appointment, target table: appointment, removed enabled: true
[DEBUG] 2018-02-07 10:41:23,374 uk.gov.dwp.uc.dip.schemagenerator.transformtable.TransformTableGenerator - source table:src_agent_core_agentworkgroupallocation_agentworkgroupallocation, target table: agentWorkGroupAllocation, removed enabled: true
[DEBUG] 2018-02-07 10:41:23,377 uk.gov.dwp.uc.dip.schemagenerator.transformtable.TransformTableGenerator - source table:src_core_proveyouridentitytrial_proveyouridentitytrial, target table: proveYourIdentityTrial, removed enabled: true
[DEBUG] 2018-02-07 10:41:23,383 uk.gov.dwp.uc.dip.schemagenerator.transformtable.TransformTableGenerator - source table:src_core_childdeclaration_childdeclaration, target table: childDeclaration, removed enabled: true
[DEBUG] 2018-02-07 10:41:23,397 uk.gov.dwp.uc.dip.schemagenerator.transformtable.TransformTableGenerator - source table:src_core_claimantcommitment_claimantcommitment, target table: claimantCommitment, removed enabled: true
[DEBUG] 2018-02-07 10:41:23,412 uk.gov.dwp.uc.dip.schemagenerator.transformtable.TransformTableGenerator - source table:src_penalties_and_deductions_sanction_sanction, target table: sanction, removed enabled: true
[DEBUG] 2018-02-07 10:41:23,417 uk.gov.dwp.uc.dip.schemagenerator.transformtable.TransformTableGenerator - source table:src_core_childcaredeclaration_childcaredeclaration, target table: childcareDeclaration, removed enabled: true
[DEBUG] 2018-02-07 10:41:23,430 uk.gov.dwp.uc.dip.schemagenerator.transformtable.TransformTableGenerator - source table:src_advances_recoverablehardshippayment_recoverablehardshippayment, target table: recoverableHardshipPayment, removed enabled: true
[DEBUG] 2018-02-07 10:41:23,439 uk.gov.dwp.uc.dip.schemagenerator.transformtable.TransformTableGenerator - source table:src_core_statement_statement, target table: statement, removed enabled: true
[DEBUG] 2018-02-07 10:41:23,446 uk.gov.dwp.uc.dip.schemagenerator.transformtable.TransformTableGenerator - source table:src_agent_core_youthobligationdetails_youthobligationdetails, target table: youthObligationDetails, removed enabled: true
[DEBUG] 2018-02-07 10:41:23,448 uk.gov.dwp.uc.dip.schemagenerator.transformtable.TransformTableGenerator - source table:src_core_claimant_claimant, target table: claimant, removed enabled: true
[DEBUG] 2018-02-07 10:41:23,450 uk.gov.dwp.uc.dip.schemagenerator.transformtable.TransformTableGenerator - source table:src_agent_core_manualoverride_manualoverride, target table: manualOverride, removed enabled: true
[DEBUG] 2018-02-07 10:41:23,452 uk.gov.dwp.uc.dip.schemagenerator.transformtable.TransformTableGenerator - source table:src_core_educationdeclaration_educationdeclaration, target table: educationDeclaration, removed enabled: true
[DEBUG] 2018-02-07 10:41:23,453 uk.gov.dwp.uc.dip.schemagenerator.transformtable.TransformTableGenerator - source table:src_matchingservice_localusermatchingdata_localusermatchingdata, target table: localUserMatchingData, removed enabled: true
[DEBUG] 2018-02-07 10:41:23,455 uk.gov.dwp.uc.dip.schemagenerator.transformtable.TransformTableGenerator - source table:src_penalties_and_deductions_sanctionescalation_sanctionescalation, target table: sanctionEscalation, removed enabled: true
[DEBUG] 2018-02-07 10:41:23,457 uk.gov.dwp.uc.dip.schemagenerator.transformtable.TransformTableGenerator - source table:src_matchingservice_managementinformation_managementinformation, target table: managementInformation, removed enabled: true
[DEBUG] 2018-02-07 10:41:23,458 uk.gov.dwp.uc.dip.schemagenerator.transformtable.TransformTableGenerator - source table:src_agent_core_claimantprofile_claimantprofile, target table: claimantProfile, removed enabled: true
[DEBUG] 2018-02-07 10:41:23,460 uk.gov.dwp.uc.dip.schemagenerator.transformtable.TransformTableGenerator - source table:src_core_contract_contract, target table: contract, removed enabled: true
[DEBUG] 2018-02-07 10:41:23,464 uk.gov.dwp.uc.dip.schemagenerator.transformtable.TransformTableGenerator - source table:src_core_carerdeclaration_carerdeclaration, target table: carerDeclaration, removed enabled: true
[DEBUG] 2018-02-07 10:41:23,466 uk.gov.dwp.uc.dip.schemagenerator.transformtable.TransformTableGenerator - source table:src_agent_core_systemworkgroupallocation_systemworkgroupallocation, target table: systemWorkGroupAllocation, removed enabled: true
[DEBUG] 2018-02-07 10:41:23,468 uk.gov.dwp.uc.dip.schemagenerator.transformtable.TransformTableGenerator - source table:src_agent_core_team_team, target table: team, removed enabled: true
[DEBUG] 2018-02-07 10:41:23,469 uk.gov.dwp.uc.dip.schemagenerator.transformtable.TransformTableGenerator - source table:src_advances_advancedebtposition_advancedebtposition, target table: advanceDebtPosition, removed enabled: true
[DEBUG] 2018-02-07 10:41:23,471 uk.gov.dwp.uc.dip.schemagenerator.transformtable.TransformTableGenerator - source table:src_core_healthdeclaration_healthdeclaration, target table: healthDeclaration, removed enabled: true
[DEBUG] 2018-02-07 10:41:23,473 uk.gov.dwp.uc.dip.schemagenerator.transformtable.TransformTableGenerator - source table:src_advances_advancegroup_advancegroup, target table: advanceGroup, removed enabled: true
[DEBUG] 2018-02-07 10:41:23,475 uk.gov.dwp.uc.dip.schemagenerator.transformtable.TransformTableGenerator - source table:src_penalties_and_deductions_fraudpenalty_fraudpenalty, target table: fraudPenalty, removed enabled: true
[DEBUG] 2018-02-07 10:41:23,477 uk.gov.dwp.uc.dip.schemagenerator.transformtable.TransformTableGenerator - source table:src_core_workandearningsdeclaration_workandearningsdeclaration, target table: workAndEarningsDeclaration, removed enabled: true
[DEBUG] 2018-02-07 10:41:23,482 uk.gov.dwp.uc.dip.schemagenerator.transformtable.TransformTableGenerator - source table:src_deductions_debtposition_debtposition, target table: debtPosition, removed enabled: true
[DEBUG] 2018-02-07 10:41:23,485 uk.gov.dwp.uc.dip.schemagenerator.transformtable.TransformTableGenerator - source table:src_core_housingdeclaration_housingdeclaration, target table: housingDeclaration, removed enabled: true
[DEBUG] 2018-02-07 10:41:23,492 uk.gov.dwp.uc.dip.schemagenerator.transformtable.TransformTableGenerator - source table:src_core_personaldetails_personaldetails, target table: personalDetails, removed enabled: true
[DEBUG] 2018-02-07 10:41:23,494 uk.gov.dwp.uc.dip.schemagenerator.transformtable.TransformTableGenerator - source table:src_core_survey_survey, target table: survey, removed enabled: true
[DEBUG] 2018-02-07 10:41:23,495 uk.gov.dwp.uc.dip.schemagenerator.transformtable.TransformTableGenerator - source table:src_penalties_and_deductions_sanctionprogress_sanctionprogress, target table: sanctionProgress, removed enabled: true
[DEBUG] 2018-02-07 10:41:23,497 uk.gov.dwp.uc.dip.schemagenerator.transformtable.TransformTableGenerator - source table:src_penalties_and_deductions_sanctionterminationdecision_sanctionterminationdecision, target table: sanctionTerminationDecision, removed enabled: true
[DEBUG] 2018-02-07 10:41:23,498 uk.gov.dwp.uc.dip.schemagenerator.transformtable.TransformTableGenerator - source table:src_core_workgroupallocation_workgroupallocation, target table: workGroupAllocation, removed enabled: true
[DEBUG] 2018-02-07 10:41:23,499 uk.gov.dwp.uc.dip.schemagenerator.transformtable.TransformTableGenerator - source table:src_penalties_and_deductions_outofclaimdays_outofclaimdays, target table: outOfClaimDays, removed enabled: true
[DEBUG] 2018-02-07 10:41:24,894 uk.gov.dwp.uc.dip.schemagenerator.transformtable.TransformTableGenerator - source table:src_core_journal_journal_carertimeoffsummaryjournalentry, target table: journal_CarerTimeOffSummaryJournalEntry, removed enabled: true
[DEBUG] 2018-02-07 10:41:24,951 uk.gov.dwp.uc.dip.schemagenerator.transformtable.TransformTableGenerator - source table:src_agent_core_agenttodo_agent_todo_end_of_relationship_contact_claimant, target table: agent_todo_END_OF_RELATIONSHIP_CONTACT_CLAIMANT, removed enabled: true
[DEBUG] 2018-02-07 10:41:24,965 uk.gov.dwp.uc.dip.schemagenerator.transformtable.TransformTableGenerator - source table:src_agent_core_agenttodoarchive_agent_todo_archive_verify_properties, target table: agent_todo_archive_VERIFY_PROPERTIES, removed enabled: true
[DEBUG] 2018-02-07 10:41:24,970 uk.gov.dwp.uc.dip.schemagenerator.transformtable.TransformTableGenerator - source table:src_agent_core_agenttodo_agent_todo_recover_overlapping_benefit_payments, target table: agent_todo_RECOVER_OVERLAPPING_BENEFIT_PAYMENTS, removed enabled: true
[DEBUG] 2018-02-07 10:41:24,980 uk.gov.dwp.uc.dip.schemagenerator.transformtable.TransformTableGenerator - source table:src_agent_core_agenttodoarchive_agent_todo_archive_refer_entitlement_to_decision_maker_properties, target table: agent_todo_archive_REFER_ENTITLEMENT_TO_DECISION_MAKER_PROPERTIES, removed enabled: true
[DEBUG] 2018-02-07 10:41:24,984 uk.gov.dwp.uc.dip.schemagenerator.transformtable.TransformTableGenerator - source table:src_core_journal_journal_ucsanctionaddedjournalentry, target table: journal_ucSanctionAddedJournalEntry, removed enabled: true
[DEBUG] 2018-02-07 10:41:24,989 uk.gov.dwp.uc.dip.schemagenerator.transformtable.TransformTableGenerator - source table:src_agent_core_agenttodoarchive_agent_todo_archive_retrospective_calc_properties, target table: agent_todo_archive_RETROSPECTIVE_CALC_PROPERTIES, removed enabled: true
[DEBUG] 2018-02-07 10:41:24,993 uk.gov.dwp.uc.dip.schemagenerator.transformtable.TransformTableGenerator - source table:src_agent_core_agenttodo_agent_todo_refer_entitlement_to_decision_maker_properties, target table: agent_todo_REFER_ENTITLEMENT_TO_DECISION_MAKER_PROPERTIES, removed enabled: true
[DEBUG] 2018-02-07 10:41:24,999 uk.gov.dwp.uc.dip.schemagenerator.transformtable.TransformTableGenerator - source table:src_agent_core_agenttodoarchive_agent_todo_archive_check_workgroup_and_commitment_on_health_and_disability_change, target table: agent_todo_archive_CHECK_WORKGROUP_AND_COMMITMENT_ON_HEALTH_AND_DISABILITY_CHANGE, removed enabled: true
[DEBUG] 2018-02-07 10:41:25,007 uk.gov.dwp.uc.dip.schemagenerator.transformtable.TransformTableGenerator - source table:src_core_journal_journal_workandearningssummaryjournalentry, target table: journal_WorkAndEarningsSummaryJournalEntry, removed enabled: true
[DEBUG] 2018-02-07 10:41:25,021 uk.gov.dwp.uc.dip.schemagenerator.transformtable.TransformTableGenerator - source table:src_agent_core_agenttodo_agent_todo_apa_create, target table: agent_todo_APA_CREATE, removed enabled: true
[DEBUG] 2018-02-07 10:41:25,028 uk.gov.dwp.uc.dip.schemagenerator.transformtable.TransformTableGenerator - source table:src_agent_core_agenttodo_agent_todo_difference_between_calculation_and_payments, target table: agent_todo_DIFFERENCE_BETWEEN_CALCULATION_AND_PAYMENTS, removed enabled: true
[DEBUG] 2018-02-07 10:41:25,033 uk.gov.dwp.uc.dip.schemagenerator.transformtable.TransformTableGenerator - source table:src_core_journal_journal_carerstoppedsummaryjournalentry, target table: journal_CarerStoppedSummaryJournalEntry, removed enabled: true
[DEBUG] 2018-02-07 10:41:25,038 uk.gov.dwp.uc.dip.schemagenerator.transformtable.TransformTableGenerator - source table:src_agent_core_agenttodo_agent_todo_apa_check_landlord, target table: agent_todo_APA_CHECK_LANDLORD, removed enabled: true
[DEBUG] 2018-02-07 10:41:25,042 uk.gov.dwp.uc.dip.schemagenerator.transformtable.TransformTableGenerator - source table:src_agent_core_agenttodo_agent_todo_gather_evidence_for_waiting_days, target table: agent_todo_GATHER_EVIDENCE_FOR_WAITING_DAYS, removed enabled: true
[DEBUG] 2018-02-07 10:41:25,045 uk.gov.dwp.uc.dip.schemagenerator.transformtable.TransformTableGenerator - source table:src_agent_core_agenttodoarchive_agent_todo_archive_make_a_decision_alp_to_do_properties, target table: agent_todo_archive_MAKE_A_DECISION_ALP_TO_DO_PROPERTIES, removed enabled: true
[DEBUG] 2018-02-07 10:41:25,049 uk.gov.dwp.uc.dip.schemagenerator.transformtable.TransformTableGenerator - source table:src_agent_core_agenttodo_agent_todo_review_claimant_upload_properties, target table: agent_todo_REVIEW_CLAIMANT_UPLOAD_PROPERTIES, removed enabled: true
[DEBUG] 2018-02-07 10:41:25,052 uk.gov.dwp.uc.dip.schemagenerator.transformtable.TransformTableGenerator - source table:src_agent_core_agenttodoarchive_agent_todo_archive_intervention_review, target table: agent_todo_archive_INTERVENTION_REVIEW, removed enabled: true
[DEBUG] 2018-02-07 10:41:25,055 uk.gov.dwp.uc.dip.schemagenerator.transformtable.TransformTableGenerator - source table:src_core_todo_todo_provide_further_proof_of_your_childcare_costs, target table: todo_PROVIDE_FURTHER_PROOF_OF_YOUR_CHILDCARE_COSTS, removed enabled: true
[DEBUG] 2018-02-07 10:41:25,057 uk.gov.dwp.uc.dip.schemagenerator.transformtable.TransformTableGenerator - source table:src_agent_core_agenttodoarchive_agent_todo_archive_confirm_benefit_details, target table: agent_todo_archive_CONFIRM_BENEFIT_DETAILS, removed enabled: true
[DEBUG] 2018-02-07 10:41:25,059 uk.gov.dwp.uc.dip.schemagenerator.transformtable.TransformTableGenerator - source table:src_core_todo_todo_provide_proof_of_your_childcare_costs, target table: todo_PROVIDE_PROOF_OF_YOUR_CHILDCARE_COSTS, removed enabled: true
[DEBUG] 2018-02-07 10:41:25,061 uk.gov.dwp.uc.dip.schemagenerator.transformtable.TransformTableGenerator - source table:src_core_journal_journal_flexmorefrequentpaymentsagenttodojournalentry, target table: journal_FlexMoreFrequentPaymentsAgentToDoJournalEntry, removed enabled: true
[DEBUG] 2018-02-07 10:41:25,063 uk.gov.dwp.uc.dip.schemagenerator.transformtable.TransformTableGenerator - source table:src_agent_core_agenttodoarchive_agent_todo_archive_call_terminally_ill_properties, target table: agent_todo_archive_CALL_TERMINALLY_ILL_PROPERTIES, removed enabled: true
[DEBUG] 2018-02-07 10:41:25,066 uk.gov.dwp.uc.dip.schemagenerator.transformtable.TransformTableGenerator - source table:src_agent_core_agenttodo_agent_todo_check_calculation_properties, target table: agent_todo_CHECK_CALCULATION_PROPERTIES, removed enabled: true
[DEBUG] 2018-02-07 10:41:25,068 uk.gov.dwp.uc.dip.schemagenerator.transformtable.TransformTableGenerator - source table:src_core_journal_journal_februarypaymentjournalentry, target table: journal_FebruaryPaymentJournalEntry, removed enabled: true
[DEBUG] 2018-02-07 10:41:25,069 uk.gov.dwp.uc.dip.schemagenerator.transformtable.TransformTableGenerator - source table:src_agent_core_agenttodo_agent_todo_notify_existing_benefit_to_do_properties, target table: agent_todo_NOTIFY_EXISTING_BENEFIT_TO_DO_PROPERTIES, removed enabled: true
[DEBUG] 2018-02-07 10:41:25,072 uk.gov.dwp.uc.dip.schemagenerator.transformtable.TransformTableGenerator - source table:src_agent_core_agenttodo_agent_todo_make_an_auto_calculated_payment, target table: agent_todo_MAKE_AN_AUTO_CALCULATED_PAYMENT, removed enabled: true
[DEBUG] 2018-02-07 10:41:25,074 uk.gov.dwp.uc.dip.schemagenerator.transformtable.TransformTableGenerator - source table:src_agent_core_agenttodoarchive_agent_todo_archive_update_cis_from_cis_500_properties, target table: agent_todo_archive_UPDATE_CIS_FROM_CIS_500_PROPERTIES, removed enabled: true
[DEBUG] 2018-02-07 10:41:25,076 uk.gov.dwp.uc.dip.schemagenerator.transformtable.TransformTableGenerator - source table:src_agent_core_agenttodoarchive_agent_todo_archive_investigate_cis_interest_error, target table: agent_todo_archive_INVESTIGATE_CIS_INTEREST_ERROR, removed enabled: true
[DEBUG] 2018-02-07 10:41:25,083 uk.gov.dwp.uc.dip.schemagenerator.transformtable.TransformTableGenerator - source table:src_agent_core_agenttodoarchive_agent_todo_archive_inform_claimant_lender_end_smi_todo_properties, target table: agent_todo_archive_INFORM_CLAIMANT_LENDER_END_SMI_TODO_PROPERTIES, removed enabled: true
[DEBUG] 2018-02-07 10:41:25,084 uk.gov.dwp.uc.dip.schemagenerator.transformtable.TransformTableGenerator - source table:src_core_journal_journal_completed_attend_appointment_journal_properties, target table: journal_COMPLETED_ATTEND_APPOINTMENT_JOURNAL_PROPERTIES, removed enabled: true
[DEBUG] 2018-02-07 10:41:25,086 uk.gov.dwp.uc.dip.schemagenerator.transformtable.TransformTableGenerator - source table:src_agent_core_agenttodoarchive_agent_todo_archive_permitted_period_expiring_soon, target table: agent_todo_archive_PERMITTED_PERIOD_EXPIRING_SOON, removed enabled: true
[DEBUG] 2018-02-07 10:41:25,087 uk.gov.dwp.uc.dip.schemagenerator.transformtable.TransformTableGenerator - source table:src_agent_core_agenttodoarchive_agent_todo_archive_scottish_flex_direct_payment_to_landlord, target table: agent_todo_archive_SCOTTISH_FLEX_DIRECT_PAYMENT_TO_LANDLORD, removed enabled: true
[DEBUG] 2018-02-07 10:41:25,088 uk.gov.dwp.uc.dip.schemagenerator.transformtable.TransformTableGenerator - source table:src_agent_core_agenttodoarchive_agent_todo_archive_check_pregnancy_details_properties, target table: agent_todo_archive_CHECK_PREGNANCY_DETAILS_PROPERTIES, removed enabled: true
[DEBUG] 2018-02-07 10:41:25,089 uk.gov.dwp.uc.dip.schemagenerator.transformtable.TransformTableGenerator - source table:src_core_todo_todo_attend_in_person_appointment_todo_properties, target table: todo_ATTEND_IN_PERSON_APPOINTMENT_TODO_PROPERTIES, removed enabled: true
[DEBUG] 2018-02-07 10:41:25,090 uk.gov.dwp.uc.dip.schemagenerator.transformtable.TransformTableGenerator - source table:src_agent_core_agenttodo_agent_todo_check_cis_for_carers_allowance_to_do_properties, target table: agent_todo_CHECK_CIS_FOR_CARERS_ALLOWANCE_TO_DO_PROPERTIES, removed enabled: true
[DEBUG] 2018-02-07 10:41:25,091 uk.gov.dwp.uc.dip.schemagenerator.transformtable.TransformTableGenerator - source table:src_agent_core_agenttodo_agent_todo_self_employed_earnings_to_do_properties, target table: agent_todo_SELF_EMPLOYED_EARNINGS_TO_DO_PROPERTIES, removed enabled: true
[DEBUG] 2018-02-07 10:41:25,093 uk.gov.dwp.uc.dip.schemagenerator.transformtable.TransformTableGenerator - source table:src_core_journal_journal_bankdetailssummaryjournalentry, target table: journal_BankDetailsSummaryJournalEntry, removed enabled: true
[DEBUG] 2018-02-07 10:41:25,094 uk.gov.dwp.uc.dip.schemagenerator.transformtable.TransformTableGenerator - source table:src_agent_core_agenttodo_agent_todo_verify_childcare, target table: agent_todo_VERIFY_CHILDCARE, removed enabled: true
[DEBUG] 2018-02-07 10:41:25,096 uk.gov.dwp.uc.dip.schemagenerator.transformtable.TransformTableGenerator - source table:src_core_claimantcommitment_claimant_commitment_high_v2, target table: claimant_commitment_HIGH-V2, removed enabled: true
[DEBUG] 2018-02-07 10:41:25,098 uk.gov.dwp.uc.dip.schemagenerator.transformtable.TransformTableGenerator - source table:src_core_journal_journal_healthanddisabilitysummaryjournalentry, target table: journal_HealthAndDisabilitySummaryJournalEntry, removed enabled: true
[DEBUG] 2018-02-07 10:41:25,099 uk.gov.dwp.uc.dip.schemagenerator.transformtable.TransformTableGenerator - source table:src_agent_core_agenttodoarchive_agent_todo_archive_generate_statement, target table: agent_todo_archive_GENERATE_STATEMENT, removed enabled: true
[DEBUG] 2018-02-07 10:41:25,101 uk.gov.dwp.uc.dip.schemagenerator.transformtable.TransformTableGenerator - source table:src_agent_core_agenttodoarchive_agent_todo_archive_person_details_properties, target table: agent_todo_archive_PERSON_DETAILS_PROPERTIES, removed enabled: true
[DEBUG] 2018-02-07 10:41:25,103 uk.gov.dwp.uc.dip.schemagenerator.transformtable.TransformTableGenerator - source table:src_core_todo_todo_claimant_notes, target table: todo_CLAIMANT_NOTES, removed enabled: true
[DEBUG] 2018-02-07 10:41:25,104 uk.gov.dwp.uc.dip.schemagenerator.transformtable.TransformTableGenerator - source table:src_agent_core_agenttodo_agent_todo_review_deadline_todo, target table: agent_todo_REVIEW_DEADLINE_TODO, removed enabled: true
[DEBUG] 2018-02-07 10:41:25,105 uk.gov.dwp.uc.dip.schemagenerator.transformtable.TransformTableGenerator - source table:src_core_journal_journal_providefurtherproofofyourchildcarecostsjournalentry, target table: journal_ProvideFurtherProofOfYourChildcareCostsJournalEntry, removed enabled: true
[DEBUG] 2018-02-07 10:41:25,106 uk.gov.dwp.uc.dip.schemagenerator.transformtable.TransformTableGenerator - source table:src_core_journal_journal_waitingdaysjournalentry, target table: journal_WaitingDaysJournalEntry, removed enabled: true
[DEBUG] 2018-02-07 10:41:25,107 uk.gov.dwp.uc.dip.schemagenerator.transformtable.TransformTableGenerator - source table:src_core_journal_journal, target table: journal, removed enabled: true
[DEBUG] 2018-02-07 10:41:25,110 uk.gov.dwp.uc.dip.schemagenerator.transformtable.TransformTableGenerator - source table:src_core_todo_todo_contact_service_centre_todo_properties, target table: todo_CONTACT_SERVICE_CENTRE_TODO_PROPERTIES, removed enabled: true
[DEBUG] 2018-02-07 10:41:25,111 uk.gov.dwp.uc.dip.schemagenerator.transformtable.TransformTableGenerator - source table:src_agent_core_agenttodoarchive_agent_todo_archive_make_a_decision_late_reporting_of_change_to_do_properties, target table: agent_todo_archive_MAKE_A_DECISION_LATE_REPORTING_OF_CHANGE_TO_DO_PROPERTIES, removed enabled: true
[DEBUG] 2018-02-07 10:41:25,112 uk.gov.dwp.uc.dip.schemagenerator.transformtable.TransformTableGenerator - source table:src_core_journal_journal_benefitcapnotificationjournalentry, target table: journal_BenefitCapNotificationJournalEntry, removed enabled: true
[DEBUG] 2018-02-07 10:41:25,113 uk.gov.dwp.uc.dip.schemagenerator.transformtable.TransformTableGenerator - source table:src_agent_core_agenttodo_agent_todo_check_workgroup_and_commitment_on_health_and_disability_change, target table: agent_todo_CHECK_WORKGROUP_AND_COMMITMENT_ON_HEALTH_AND_DISABILITY_CHANGE, removed enabled: true
[DEBUG] 2018-02-07 10:41:25,115 uk.gov.dwp.uc.dip.schemagenerator.transformtable.TransformTableGenerator - source table:src_agent_core_agenttodoarchive_agent_todo_archive_calculate_payment_properties, target table: agent_todo_archive_CALCULATE_PAYMENT_PROPERTIES, removed enabled: true
[DEBUG] 2018-02-07 10:41:25,116 uk.gov.dwp.uc.dip.schemagenerator.transformtable.TransformTableGenerator - source table:src_agent_core_agenttodoarchive_agent_todo_archive_relationship_ended, target table: agent_todo_archive_RELATIONSHIP_ENDED, removed enabled: true
[DEBUG] 2018-02-07 10:41:25,117 uk.gov.dwp.uc.dip.schemagenerator.transformtable.TransformTableGenerator - source table:src_agent_core_agenttodo_agent_todo_consider_closing_claim, target table: agent_todo_CONSIDER_CLOSING_CLAIM, removed enabled: true
[DEBUG] 2018-02-07 10:41:25,118 uk.gov.dwp.uc.dip.schemagenerator.transformtable.TransformTableGenerator - source table:src_agent_core_agenttodoarchive_agent_todo_archive_check_personal_details, target table: agent_todo_archive_CHECK_PERSONAL_DETAILS, removed enabled: true
[DEBUG] 2018-02-07 10:41:25,119 uk.gov.dwp.uc.dip.schemagenerator.transformtable.TransformTableGenerator - source table:src_agent_core_agenttodoarchive_agent_todo_archive_rte_supplied, target table: agent_todo_archive_RTE_SUPPLIED, removed enabled: true
[DEBUG] 2018-02-07 10:41:25,120 uk.gov.dwp.uc.dip.schemagenerator.transformtable.TransformTableGenerator - source table:src_agent_core_agenttodo_agent_todo_data_gather_refer_hrt_to_decision_maker, target table: agent_todo_DATA_GATHER_REFER_HRT_TO_DECISION_MAKER, removed enabled: true
[DEBUG] 2018-02-07 10:41:25,121 uk.gov.dwp.uc.dip.schemagenerator.transformtable.TransformTableGenerator - source table:src_agent_core_agenttodoarchive_agent_todo_archive_ending_self_employment, target table: agent_todo_archive_ENDING_SELF_EMPLOYMENT, removed enabled: true
[DEBUG] 2018-02-07 10:41:25,121 uk.gov.dwp.uc.dip.schemagenerator.transformtable.TransformTableGenerator - source table:src_agent_core_agenttodo_agent_todo_check_medical_evidence_properties, target table: agent_todo_CHECK_MEDICAL_EVIDENCE_PROPERTIES, removed enabled: true
[DEBUG] 2018-02-07 10:41:25,123 uk.gov.dwp.uc.dip.schemagenerator.transformtable.TransformTableGenerator - source table:src_agent_core_agenttodoarchive_agent_todo_archive_make_an_advance_payment, target table: agent_todo_archive_MAKE_AN_ADVANCE_PAYMENT, removed enabled: true
[DEBUG] 2018-02-07 10:41:25,124 uk.gov.dwp.uc.dip.schemagenerator.transformtable.TransformTableGenerator - source table:src_core_journal_journal_genericjournalentry, target table: journal_GenericJournalEntry, removed enabled: true
[DEBUG] 2018-02-07 10:41:25,126 uk.gov.dwp.uc.dip.schemagenerator.transformtable.TransformTableGenerator - source table:src_agent_core_agenttodo_agent_todo_account_locked_properties, target table: agent_todo_ACCOUNT_LOCKED_PROPERTIES, removed enabled: true
[DEBUG] 2018-02-07 10:41:25,127 uk.gov.dwp.uc.dip.schemagenerator.transformtable.TransformTableGenerator - source table:src_agent_core_agenttodo_agent_todo_date_of_birth_summary, target table: agent_todo_DATE_OF_BIRTH_SUMMARY, removed enabled: true
[DEBUG] 2018-02-07 10:41:25,129 uk.gov.dwp.uc.dip.schemagenerator.transformtable.TransformTableGenerator - source table:src_agent_core_agenttodoarchive_agent_todo_archive_earnings_supplied, target table: agent_todo_archive_EARNINGS_SUPPLIED, removed enabled: true
[DEBUG] 2018-02-07 10:41:25,131 uk.gov.dwp.uc.dip.schemagenerator.transformtable.TransformTableGenerator - source table:src_agent_core_agenttodo_agent_todo_update_cis_from_cis_500_properties, target table: agent_todo_UPDATE_CIS_FROM_CIS_500_PROPERTIES, removed enabled: true
[DEBUG] 2018-02-07 10:41:25,133 uk.gov.dwp.uc.dip.schemagenerator.transformtable.TransformTableGenerator - source table:src_core_claimantcommitment_claimant_commitment_low, target table: claimant_commitment_LOW, removed enabled: true
[DEBUG] 2018-02-07 10:41:25,134 uk.gov.dwp.uc.dip.schemagenerator.transformtable.TransformTableGenerator - source table:src_agent_core_agenttodo_agent_todo_investigate_duplicate_account_todo_properties, target table: agent_todo_INVESTIGATE_DUPLICATE_ACCOUNT_TODO_PROPERTIES, removed enabled: true
[DEBUG] 2018-02-07 10:41:25,136 uk.gov.dwp.uc.dip.schemagenerator.transformtable.TransformTableGenerator - source table:src_core_journal_journal_annualverificationjournalentry, target table: journal_AnnualVerificationJournalEntry, removed enabled: true
[DEBUG] 2018-02-07 10:41:25,145 uk.gov.dwp.uc.dip.schemagenerator.transformtable.TransformTableGenerator - source table:src_core_todo_todo, target table: todo, removed enabled: true
[DEBUG] 2018-02-07 10:41:25,148 uk.gov.dwp.uc.dip.schemagenerator.transformtable.TransformTableGenerator - source table:src_core_journal_journal_paymentstoppedjournalentry, target table: journal_PaymentStoppedJournalEntry, removed enabled: true
[DEBUG] 2018-02-07 10:41:25,149 uk.gov.dwp.uc.dip.schemagenerator.transformtable.TransformTableGenerator - source table:src_agent_core_agenttodo_agent_todo_book_appointment_work_group_change, target table: agent_todo_BOOK_APPOINTMENT_WORK_GROUP_CHANGE, removed enabled: true
[DEBUG] 2018-02-07 10:41:25,150 uk.gov.dwp.uc.dip.schemagenerator.transformtable.TransformTableGenerator - source table:src_agent_core_agenttodoarchive_agent_todo_archive_add_child, target table: agent_todo_archive_ADD_CHILD, removed enabled: true
[DEBUG] 2018-02-07 10:41:25,150 uk.gov.dwp.uc.dip.schemagenerator.transformtable.TransformTableGenerator - source table:src_agent_core_agenttodoarchive_agent_todo_archive_review_sanctions_todo, target table: agent_todo_archive_REVIEW_SANCTIONS_TODO, removed enabled: true
[DEBUG] 2018-02-07 10:41:25,151 uk.gov.dwp.uc.dip.schemagenerator.transformtable.TransformTableGenerator - source table:src_agent_core_agenttodo_agent_todo_ending_self_employment, target table: agent_todo_ENDING_SELF_EMPLOYMENT, removed enabled: true
[DEBUG] 2018-02-07 10:41:25,152 uk.gov.dwp.uc.dip.schemagenerator.transformtable.TransformTableGenerator - source table:src_agent_core_agenttodoarchive_agent_todo_archive_consider_closing_claim, target table: agent_todo_archive_CONSIDER_CLOSING_CLAIM, removed enabled: true
[DEBUG] 2018-02-07 10:41:25,155 uk.gov.dwp.uc.dip.schemagenerator.transformtable.TransformTableGenerator - source table:src_agent_core_agenttodoarchive_agent_todo_archive_update_cis_properties, target table: agent_todo_archive_UPDATE_CIS_PROPERTIES, removed enabled: true
[DEBUG] 2018-02-07 10:41:25,159 uk.gov.dwp.uc.dip.schemagenerator.transformtable.TransformTableGenerator - source table:src_agent_core_agenttodoarchive_agent_todo_archive_update_cis_from_trace_cis_properties, target table: agent_todo_archive_UPDATE_CIS_FROM_TRACE_CIS_PROPERTIES, removed enabled: true
[DEBUG] 2018-02-07 10:41:25,161 uk.gov.dwp.uc.dip.schemagenerator.transformtable.TransformTableGenerator - source table:src_core_claimantcommitment_claimant_commitment_medium, target table: claimant_commitment_MEDIUM, removed enabled: true
[DEBUG] 2018-02-07 10:41:25,163 uk.gov.dwp.uc.dip.schemagenerator.transformtable.TransformTableGenerator - source table:src_agent_core_agenttodoarchive_agent_todo_archive_make_a_payment, target table: agent_todo_archive_MAKE_A_PAYMENT, removed enabled: true
[DEBUG] 2018-02-07 10:41:25,164 uk.gov.dwp.uc.dip.schemagenerator.transformtable.TransformTableGenerator - source table:src_agent_core_agenttodo_agent_todo_update_cis_after_change_of_circs, target table: agent_todo_UPDATE_CIS_AFTER_CHANGE_OF_CIRCS, removed enabled: true
[DEBUG] 2018-02-07 10:41:25,165 uk.gov.dwp.uc.dip.schemagenerator.transformtable.TransformTableGenerator - source table:src_agent_core_agenttodo_agent_todo_entitlement_review_properties, target table: agent_todo_ENTITLEMENT_REVIEW_PROPERTIES, removed enabled: true
[DEBUG] 2018-02-07 10:41:25,166 uk.gov.dwp.uc.dip.schemagenerator.transformtable.TransformTableGenerator - source table:src_agent_core_agenttodoarchive_agent_todo_archive_wca_decision, target table: agent_todo_archive_WCA_DECISION, removed enabled: true
[DEBUG] 2018-02-07 10:41:25,166 uk.gov.dwp.uc.dip.schemagenerator.transformtable.TransformTableGenerator - source table:src_core_journal_journal_provideafitnotesummaryjournalentry, target table: journal_ProvideAFitNoteSummaryJournalEntry, removed enabled: true
[DEBUG] 2018-02-07 10:41:25,167 uk.gov.dwp.uc.dip.schemagenerator.transformtable.TransformTableGenerator - source table:src_agent_core_agenttodo_agent_todo_stopped_caring, target table: agent_todo_STOPPED_CARING, removed enabled: true
[DEBUG] 2018-02-07 10:41:25,168 uk.gov.dwp.uc.dip.schemagenerator.transformtable.TransformTableGenerator - source table:src_agent_core_agenttodo_agent_todo_unmatched_claimant_to_do_properties, target table: agent_todo_UNMATCHED_CLAIMANT_TO_DO_PROPERTIES, removed enabled: true
[DEBUG] 2018-02-07 10:41:25,169 uk.gov.dwp.uc.dip.schemagenerator.transformtable.TransformTableGenerator - source table:src_core_todo_todo_accept_commitments_todo_properties, target table: todo_ACCEPT_COMMITMENTS_TODO_PROPERTIES, removed enabled: true
[DEBUG] 2018-02-07 10:41:25,173 uk.gov.dwp.uc.dip.schemagenerator.transformtable.TransformTableGenerator - source table:src_agent_core_agenttodoarchive_agent_todo_archive_overdue_to_dos_for_calculation, target table: agent_todo_archive_OVERDUE_TO_DOS_FOR_CALCULATION, removed enabled: true
[DEBUG] 2018-02-07 10:41:25,174 uk.gov.dwp.uc.dip.schemagenerator.transformtable.TransformTableGenerator - source table:src_core_claimantcommitment_claimant_commitment_high, target table: claimant_commitment_HIGH, removed enabled: true
[DEBUG] 2018-02-07 10:41:25,176 uk.gov.dwp.uc.dip.schemagenerator.transformtable.TransformTableGenerator - source table:src_core_journal_journal_claimantnotificationjournalentry, target table: journal_ClaimantNotificationJournalEntry, removed enabled: true
[DEBUG] 2018-02-07 10:41:25,181 uk.gov.dwp.uc.dip.schemagenerator.transformtable.TransformTableGenerator - source table:src_core_todo_todo_childcare_provider_provide_proof, target table: todo_CHILDCARE_PROVIDER_PROVIDE_PROOF, removed enabled: true
[DEBUG] 2018-02-07 10:41:25,182 uk.gov.dwp.uc.dip.schemagenerator.transformtable.TransformTableGenerator - source table:src_agent_core_agenttodo_agent_todo_housing_declaration_to_do_properties, target table: agent_todo_HOUSING_DECLARATION_TO_DO_PROPERTIES, removed enabled: true
[DEBUG] 2018-02-07 10:41:25,183 uk.gov.dwp.uc.dip.schemagenerator.transformtable.TransformTableGenerator - source table:src_core_journal_journal_legacyfraudpenaltyremovedjournalentry, target table: journal_legacyFraudPenaltyRemovedJournalEntry, removed enabled: true
[DEBUG] 2018-02-07 10:41:25,184 uk.gov.dwp.uc.dip.schemagenerator.transformtable.TransformTableGenerator - source table:src_agent_core_agenttodoarchive_agent_todo_archive_hrt_entitlement_decision, target table: agent_todo_archive_HRT_ENTITLEMENT_DECISION, removed enabled: true
[DEBUG] 2018-02-07 10:41:25,186 uk.gov.dwp.uc.dip.schemagenerator.transformtable.TransformTableGenerator - source table:src_agent_core_agenttodoarchive_agent_todo_archive_agent_generated_to_do_properties, target table: agent_todo_archive_AGENT_GENERATED_TO_DO_PROPERTIES, removed enabled: true
[DEBUG] 2018-02-07 10:41:25,186 uk.gov.dwp.uc.dip.schemagenerator.transformtable.TransformTableGenerator - source table:src_core_journal_journal_ucopenendedsanctionaddedjournalentry, target table: journal_ucOpenEndedSanctionAddedJournalEntry, removed enabled: true
[DEBUG] 2018-02-07 10:41:25,187 uk.gov.dwp.uc.dip.schemagenerator.transformtable.TransformTableGenerator - source table:src_agent_core_agenttodo_agent_todo_wca_decision, target table: agent_todo_WCA_DECISION, removed enabled: true
[DEBUG] 2018-02-07 10:41:25,189 uk.gov.dwp.uc.dip.schemagenerator.transformtable.TransformTableGenerator - source table:src_core_journal_journal_wordyjournalentry, target table: journal_WordyJournalEntry, removed enabled: true
[DEBUG] 2018-02-07 10:41:25,191 uk.gov.dwp.uc.dip.schemagenerator.transformtable.TransformTableGenerator - source table:src_core_journal_journal_housingsummaryjournalentry, target table: journal_HousingSummaryJournalEntry, removed enabled: true
[DEBUG] 2018-02-07 10:41:25,194 uk.gov.dwp.uc.dip.schemagenerator.transformtable.TransformTableGenerator - source table:src_agent_core_agenttodoarchive_agent_todo_archive_assessment_period, target table: agent_todo_archive_ASSESSMENT_PERIOD, removed enabled: true
[DEBUG] 2018-02-07 10:41:25,195 uk.gov.dwp.uc.dip.schemagenerator.transformtable.TransformTableGenerator - source table:src_core_journal_journal_ucsanctionremovedjournalentry, target table: journal_ucSanctionRemovedJournalEntry, removed enabled: true
[DEBUG] 2018-02-07 10:41:25,196 uk.gov.dwp.uc.dip.schemagenerator.transformtable.TransformTableGenerator - source table:src_agent_core_agenttodo_agent_todo_check_personal_details, target table: agent_todo_CHECK_PERSONAL_DETAILS, removed enabled: true
[DEBUG] 2018-02-07 10:41:25,200 uk.gov.dwp.uc.dip.schemagenerator.transformtable.TransformTableGenerator - source table:src_agent_core_agenttodoarchive_agent_todo_archive_verify_social_housing_properties, target table: agent_todo_archive_VERIFY_SOCIAL_HOUSING_PROPERTIES, removed enabled: true
[DEBUG] 2018-02-07 10:41:25,217 uk.gov.dwp.uc.dip.schemagenerator.transformtable.TransformTableGenerator - source table:src_core_todo_todo_upload_documents_todo, target table: todo_UPLOAD_DOCUMENTS_TODO, removed enabled: true
[DEBUG] 2018-02-07 10:41:25,218 uk.gov.dwp.uc.dip.schemagenerator.transformtable.TransformTableGenerator - source table:src_core_journal_journal_legacysanctionaddedjournalentry, target table: journal_legacySanctionAddedJournalEntry, removed enabled: true
[DEBUG] 2018-02-07 10:41:25,220 uk.gov.dwp.uc.dip.schemagenerator.transformtable.TransformTableGenerator - source table:src_agent_core_agenttodo_agent_todo_report_this_self_employment, target table: agent_todo_REPORT_THIS_SELF_EMPLOYMENT, removed enabled: true
[DEBUG] 2018-02-07 10:41:25,222 uk.gov.dwp.uc.dip.schemagenerator.transformtable.TransformTableGenerator - source table:src_agent_core_agenttodo_agent_todo_earnings_supplied, target table: agent_todo_EARNINGS_SUPPLIED, removed enabled: true
[DEBUG] 2018-02-07 10:41:25,224 uk.gov.dwp.uc.dip.schemagenerator.transformtable.TransformTableGenerator - source table:src_agent_core_agenttodo_agent_todo_address_summary, target table: agent_todo_ADDRESS_SUMMARY, removed enabled: true
[DEBUG] 2018-02-07 10:41:25,228 uk.gov.dwp.uc.dip.schemagenerator.transformtable.TransformTableGenerator - source table:src_core_claimantcommitment_claimant_commitment_low_v2, target table: claimant_commitment_LOW-V2, removed enabled: true
[DEBUG] 2018-02-07 10:41:25,229 uk.gov.dwp.uc.dip.schemagenerator.transformtable.TransformTableGenerator - source table:src_core_journal_journal_provideproofofyourchildcarecostsjournalentry, target table: journal_ProvideProofOfYourChildcareCostsJournalEntry, removed enabled: true
[DEBUG] 2018-02-07 10:41:25,232 uk.gov.dwp.uc.dip.schemagenerator.transformtable.TransformTableGenerator - source table:src_agent_core_agenttodo_agent_todo, target table: agent_todo, removed enabled: true
[DEBUG] 2018-02-07 10:41:25,238 uk.gov.dwp.uc.dip.schemagenerator.transformtable.TransformTableGenerator - source table:src_agent_core_agenttodoarchive_agent_todo_archive_verify_file_uploaded_childcare, target table: agent_todo_archive_VERIFY_FILE_UPLOADED_CHILDCARE, removed enabled: true
[DEBUG] 2018-02-07 10:41:25,240 uk.gov.dwp.uc.dip.schemagenerator.transformtable.TransformTableGenerator - source table:src_core_journal_journal_flexdirectpaymenttolandlordclaimanttodojournalentry, target table: journal_FlexDirectPaymentToLandlordClaimantToDoJournalEntry, removed enabled: true
[DEBUG] 2018-02-07 10:41:25,241 uk.gov.dwp.uc.dip.schemagenerator.transformtable.TransformTableGenerator - source table:src_agent_core_agenttodoarchive_agent_todo_archive_housing_declaration_to_do_properties, target table: agent_todo_archive_HOUSING_DECLARATION_TO_DO_PROPERTIES, removed enabled: true
[DEBUG] 2018-02-07 10:41:25,242 uk.gov.dwp.uc.dip.schemagenerator.transformtable.TransformTableGenerator - source table:src_core_journal_journal_addresssummaryjournalentry, target table: journal_AddressSummaryJournalEntry, removed enabled: true
[DEBUG] 2018-02-07 10:41:25,244 uk.gov.dwp.uc.dip.schemagenerator.transformtable.TransformTableGenerator - source table:src_agent_core_agenttodoarchive_agent_todo_archive_data_gather_refer_hrt_to_decision_maker, target table: agent_todo_archive_DATA_GATHER_REFER_HRT_TO_DECISION_MAKER, removed enabled: true
[DEBUG] 2018-02-07 10:41:25,246 uk.gov.dwp.uc.dip.schemagenerator.transformtable.TransformTableGenerator - source table:src_agent_core_agenttodoarchive_agent_todo_archive_make_a_payment_todo_properties, target table: agent_todo_archive_MAKE_A_PAYMENT_TODO_PROPERTIES, removed enabled: true
[DEBUG] 2018-02-07 10:41:25,248 uk.gov.dwp.uc.dip.schemagenerator.transformtable.TransformTableGenerator - source table:src_core_todo_todo_have_a_look_todo_properties, target table: todo_HAVE_A_LOOK_TODO_PROPERTIES, removed enabled: true
[DEBUG] 2018-02-07 10:41:25,249 uk.gov.dwp.uc.dip.schemagenerator.transformtable.TransformTableGenerator - source table:src_core_claimantcommitment_claimant_commitment_medium_v2, target table: claimant_commitment_MEDIUM-V2, removed enabled: true
[DEBUG] 2018-02-07 10:41:25,252 uk.gov.dwp.uc.dip.schemagenerator.transformtable.TransformTableGenerator - source table:src_agent_core_agenttodo_agent_todo_record_in_work_progression, target table: agent_todo_RECORD_IN_WORK_PROGRESSION, removed enabled: true
[DEBUG] 2018-02-07 10:41:25,253 uk.gov.dwp.uc.dip.schemagenerator.transformtable.TransformTableGenerator - source table:src_agent_core_agenttodo_agent_todo_new_relationship, target table: agent_todo_NEW_RELATIONSHIP, removed enabled: true
[DEBUG] 2018-02-07 10:41:25,255 uk.gov.dwp.uc.dip.schemagenerator.transformtable.TransformTableGenerator - source table:src_agent_core_agenttodoarchive_agent_todo_archive_apa_create, target table: agent_todo_archive_APA_CREATE, removed enabled: true
[DEBUG] 2018-02-07 10:41:25,259 uk.gov.dwp.uc.dip.schemagenerator.transformtable.TransformTableGenerator - source table:src_agent_core_agenttodo_agent_todo_check_workgroup_and_commitments_for_pregnancy, target table: agent_todo_CHECK_WORKGROUP_AND_COMMITMENTS_FOR_PREGNANCY, removed enabled: true
[DEBUG] 2018-02-07 10:41:25,260 uk.gov.dwp.uc.dip.schemagenerator.transformtable.TransformTableGenerator - source table:src_core_claimantcommitment_claimant_commitment, target table: claimant_commitment, removed enabled: true
[DEBUG] 2018-02-07 10:41:25,262 uk.gov.dwp.uc.dip.schemagenerator.transformtable.TransformTableGenerator - source table:src_agent_core_agenttodoarchive_agent_todo_archive_time_off_caring, target table: agent_todo_archive_TIME_OFF_CARING, removed enabled: true
[DEBUG] 2018-02-07 10:41:25,263 uk.gov.dwp.uc.dip.schemagenerator.transformtable.TransformTableGenerator - source table:src_agent_core_agenttodo_agent_todo_person_summary, target table: agent_todo_PERSON_SUMMARY, removed enabled: true
[DEBUG] 2018-02-07 10:41:25,267 uk.gov.dwp.uc.dip.schemagenerator.transformtable.TransformTableGenerator - source table:src_agent_core_agenttodoarchive_agent_todo_archive_record_in_work_progression, target table: agent_todo_archive_RECORD_IN_WORK_PROGRESSION, removed enabled: true
[DEBUG] 2018-02-07 10:41:25,269 uk.gov.dwp.uc.dip.schemagenerator.transformtable.TransformTableGenerator - source table:src_agent_core_agenttodo_agent_todo_verify_properties, target table: agent_todo_VERIFY_PROPERTIES, removed enabled: true
[DEBUG] 2018-02-07 10:41:25,271 uk.gov.dwp.uc.dip.schemagenerator.transformtable.TransformTableGenerator - source table:src_core_journal_journal_ucfraudpenaltyremovedjournalentry, target table: journal_ucFraudPenaltyRemovedJournalEntry, removed enabled: true
[DEBUG] 2018-02-07 10:41:25,272 uk.gov.dwp.uc.dip.schemagenerator.transformtable.TransformTableGenerator - source table:src_agent_core_agenttodo_agent_todo_rejected_caring, target table: agent_todo_REJECTED_CARING, removed enabled: true
[DEBUG] 2018-02-07 10:41:25,275 uk.gov.dwp.uc.dip.schemagenerator.transformtable.TransformTableGenerator - source table:src_agent_core_agenttodo_agent_todo_started_caring, target table: agent_todo_STARTED_CARING, removed enabled: true
[DEBUG] 2018-02-07 10:41:25,281 uk.gov.dwp.uc.dip.schemagenerator.transformtable.TransformTableGenerator - source table:src_core_claimantcommitment_claimant_commitment_none, target table: claimant_commitment_NONE, removed enabled: true
[DEBUG] 2018-02-07 10:41:25,283 uk.gov.dwp.uc.dip.schemagenerator.transformtable.TransformTableGenerator - source table:src_agent_core_agenttodo_agent_todo_hrt_entitlement_decision, target table: agent_todo_HRT_ENTITLEMENT_DECISION, removed enabled: true
[DEBUG] 2018-02-07 10:41:25,287 uk.gov.dwp.uc.dip.schemagenerator.transformtable.TransformTableGenerator - source table:src_core_claimantcommitment_claimant_commitment_none_v2, target table: claimant_commitment_NONE-V2, removed enabled: true
[DEBUG] 2018-02-07 10:41:25,288 uk.gov.dwp.uc.dip.schemagenerator.transformtable.TransformTableGenerator - source table:src_agent_core_agenttodo_agent_todo_check_pregnancy_details_properties, target table: agent_todo_CHECK_PREGNANCY_DETAILS_PROPERTIES, removed enabled: true
[DEBUG] 2018-02-07 10:41:25,294 uk.gov.dwp.uc.dip.schemagenerator.transformtable.TransformTableGenerator - source table:src_core_todo_todo_social_housing_agree_changes_to_do_properties, target table: todo_SOCIAL_HOUSING_AGREE_CHANGES_TO_DO_PROPERTIES, removed enabled: true
[DEBUG] 2018-02-07 10:41:25,302 uk.gov.dwp.uc.dip.schemagenerator.transformtable.TransformTableGenerator - source table:src_agent_core_agenttodo_agent_todo_absent_child, target table: agent_todo_ABSENT_CHILD, removed enabled: true
[DEBUG] 2018-02-07 10:41:25,303 uk.gov.dwp.uc.dip.schemagenerator.transformtable.TransformTableGenerator - source table:src_agent_core_agenttodoarchive_agent_todo_archive_consider_wca_referral_properties, target table: agent_todo_archive_CONSIDER_WCA_REFERRAL_PROPERTIES, removed enabled: true
[DEBUG] 2018-02-07 10:41:25,304 uk.gov.dwp.uc.dip.schemagenerator.transformtable.TransformTableGenerator - source table:src_core_todo_todo_read_about_reduced_payments_todo_properties, target table: todo_READ_ABOUT_REDUCED_PAYMENTS_TODO_PROPERTIES, removed enabled: true
[DEBUG] 2018-02-07 10:41:25,305 uk.gov.dwp.uc.dip.schemagenerator.transformtable.TransformTableGenerator - source table:src_core_todo_todo_redeclare_circumstances, target table: todo_REDECLARE_CIRCUMSTANCES, removed enabled: true
[DEBUG] 2018-02-07 10:41:25,306 uk.gov.dwp.uc.dip.schemagenerator.transformtable.TransformTableGenerator - source table:src_agent_core_agenttodo_agent_todo_review_claimant_todo, target table: agent_todo_REVIEW_CLAIMANT_TODO, removed enabled: true
[DEBUG] 2018-02-07 10:41:25,306 uk.gov.dwp.uc.dip.schemagenerator.transformtable.TransformTableGenerator - source table:src_core_journal_journal_havealooktodojournalentry, target table: journal_HaveALookTodoJournalEntry, removed enabled: true
[DEBUG] 2018-02-07 10:41:25,307 uk.gov.dwp.uc.dip.schemagenerator.transformtable.TransformTableGenerator - source table:src_agent_core_agenttodo_agent_todo_intervention_feedback, target table: agent_todo_INTERVENTION_FEEDBACK, removed enabled: true
[DEBUG] 2018-02-07 10:41:25,308 uk.gov.dwp.uc.dip.schemagenerator.transformtable.TransformTableGenerator - source table:src_agent_core_agenttodo_agent_todo_record_overlapping_benefit_to_do_properties, target table: agent_todo_RECORD_OVERLAPPING_BENEFIT_TO_DO_PROPERTIES, removed enabled: true
[DEBUG] 2018-02-07 10:41:25,309 uk.gov.dwp.uc.dip.schemagenerator.transformtable.TransformTableGenerator - source table:src_agent_core_agenttodoarchive_agent_todo_archive_for_assessment_period_properties, target table: agent_todo_archive_FOR_ASSESSMENT_PERIOD_PROPERTIES, removed enabled: true
[DEBUG] 2018-02-07 10:41:25,309 uk.gov.dwp.uc.dip.schemagenerator.transformtable.TransformTableGenerator - source table:src_core_journal_journal_flexmorefrequentpaymentsclaimanttodojournalentry, target table: journal_FlexMoreFrequentPaymentsClaimantToDoJournalEntry, removed enabled: true
[DEBUG] 2018-02-07 10:41:25,310 uk.gov.dwp.uc.dip.schemagenerator.transformtable.TransformTableGenerator - source table:src_agent_core_agenttodoarchive_agent_todo_archive_intervention_feedback, target table: agent_todo_archive_INTERVENTION_FEEDBACK, removed enabled: true
[DEBUG] 2018-02-07 10:41:25,311 uk.gov.dwp.uc.dip.schemagenerator.transformtable.TransformTableGenerator - source table:src_agent_core_agenttodo_agent_todo_make_an_advance_payment, target table: agent_todo_MAKE_AN_ADVANCE_PAYMENT, removed enabled: true
[DEBUG] 2018-02-07 10:41:25,312 uk.gov.dwp.uc.dip.schemagenerator.transformtable.TransformTableGenerator - source table:src_agent_core_agenttodoarchive_agent_todo_archive_offer_wca_referral_properties, target table: agent_todo_archive_OFFER_WCA_REFERRAL_PROPERTIES, removed enabled: true
[DEBUG] 2018-02-07 10:41:25,312 uk.gov.dwp.uc.dip.schemagenerator.transformtable.TransformTableGenerator - source table:src_agent_core_agenttodo_agent_todo_inform_claimant_lender_end_smi_todo_properties, target table: agent_todo_INFORM_CLAIMANT_LENDER_END_SMI_TODO_PROPERTIES, removed enabled: true
[DEBUG] 2018-02-07 10:41:25,313 uk.gov.dwp.uc.dip.schemagenerator.transformtable.TransformTableGenerator - source table:src_agent_core_agenttodo_agent_todo_rte_to_do_properties, target table: agent_todo_RTE_TO_DO_PROPERTIES, removed enabled: true
[DEBUG] 2018-02-07 10:41:25,314 uk.gov.dwp.uc.dip.schemagenerator.transformtable.TransformTableGenerator - source table:src_agent_core_agenttodo_agent_todo_work_allowance_changes_contact_claimant, target table: agent_todo_WORK_ALLOWANCE_CHANGES_CONTACT_CLAIMANT, removed enabled: true
[DEBUG] 2018-02-07 10:41:25,315 uk.gov.dwp.uc.dip.schemagenerator.transformtable.TransformTableGenerator - source table:src_core_journal_journal_wholiveswithyousummaryjournalentry, target table: journal_WhoLivesWithYouSummaryJournalEntry, removed enabled: true
[DEBUG] 2018-02-07 10:41:25,318 uk.gov.dwp.uc.dip.schemagenerator.transformtable.TransformTableGenerator - source table:src_agent_core_agenttodoarchive_agent_todo_archive_review_claimant_todo, target table: agent_todo_archive_REVIEW_CLAIMANT_TODO, removed enabled: true
[DEBUG] 2018-02-07 10:41:25,319 uk.gov.dwp.uc.dip.schemagenerator.transformtable.TransformTableGenerator - source table:src_agent_core_agenttodoarchive_agent_todo_archive_work_and_earnings_summary, target table: agent_todo_archive_WORK_AND_EARNINGS_SUMMARY, removed enabled: true
[DEBUG] 2018-02-07 10:41:25,322 uk.gov.dwp.uc.dip.schemagenerator.transformtable.TransformTableGenerator - source table:src_core_journal_journal_legacyfraudpenaltyaddedjournalentry, target table: journal_legacyFraudPenaltyAddedJournalEntry, removed enabled: true
[DEBUG] 2018-02-07 10:41:25,322 uk.gov.dwp.uc.dip.schemagenerator.transformtable.TransformTableGenerator - source table:src_agent_core_agenttodo_agent_todo_call_terminally_ill_properties, target table: agent_todo_CALL_TERMINALLY_ILL_PROPERTIES, removed enabled: true
[DEBUG] 2018-02-07 10:41:25,323 uk.gov.dwp.uc.dip.schemagenerator.transformtable.TransformTableGenerator - source table:src_agent_core_agenttodo_agent_todo_relationship_ended, target table: agent_todo_RELATIONSHIP_ENDED, removed enabled: true
[DEBUG] 2018-02-07 10:41:25,324 uk.gov.dwp.uc.dip.schemagenerator.transformtable.TransformTableGenerator - source table:src_core_todo_todo_upload_documents_todo_creation, target table: todo_UPLOAD_DOCUMENTS_TODO_CREATION, removed enabled: true
[DEBUG] 2018-02-07 10:41:25,325 uk.gov.dwp.uc.dip.schemagenerator.transformtable.TransformTableGenerator - source table:src_core_todo_todo_verify_your_identity_todo_properties, target table: todo_VERIFY_YOUR_IDENTITY_TODO_PROPERTIES, removed enabled: true
[DEBUG] 2018-02-07 10:41:25,325 uk.gov.dwp.uc.dip.schemagenerator.transformtable.TransformTableGenerator - source table:src_core_todo_todo_childcare_costs_provide_proof, target table: todo_CHILDCARE_COSTS_PROVIDE_PROOF, removed enabled: true
[DEBUG] 2018-02-07 10:41:25,326 uk.gov.dwp.uc.dip.schemagenerator.transformtable.TransformTableGenerator - source table:src_agent_core_agenttodo_agent_todo_permitted_period_expiring_soon, target table: agent_todo_PERMITTED_PERIOD_EXPIRING_SOON, removed enabled: true
[DEBUG] 2018-02-07 10:41:25,327 uk.gov.dwp.uc.dip.schemagenerator.transformtable.TransformTableGenerator - source table:src_agent_core_agenttodo_agent_todo_investigate_cis_interest_error, target table: agent_todo_INVESTIGATE_CIS_INTEREST_ERROR, removed enabled: true
[DEBUG] 2018-02-07 10:41:25,327 uk.gov.dwp.uc.dip.schemagenerator.transformtable.TransformTableGenerator - source table:src_agent_core_agenttodoarchive_agent_todo_archive_investigate_duplicate_account_todo_properties, target table: agent_todo_archive_INVESTIGATE_DUPLICATE_ACCOUNT_TODO_PROPERTIES, removed enabled: true
[DEBUG] 2018-02-07 10:41:25,328 uk.gov.dwp.uc.dip.schemagenerator.transformtable.TransformTableGenerator - source table:src_core_journal_journal_advancedeferredjournalentry, target table: journal_advanceDeferredJournalEntry, removed enabled: true
[DEBUG] 2018-02-07 10:41:25,329 uk.gov.dwp.uc.dip.schemagenerator.transformtable.TransformTableGenerator - source table:src_agent_core_agenttodoarchive_agent_todo_archive_make_an_auto_calculated_payment, target table: agent_todo_archive_MAKE_AN_AUTO_CALCULATED_PAYMENT, removed enabled: true
[DEBUG] 2018-02-07 10:41:25,329 uk.gov.dwp.uc.dip.schemagenerator.transformtable.TransformTableGenerator - source table:src_agent_core_agenttodo_agent_todo_report_this, target table: agent_todo_REPORT_THIS, removed enabled: true
[DEBUG] 2018-02-07 10:41:25,330 uk.gov.dwp.uc.dip.schemagenerator.transformtable.TransformTableGenerator - source table:src_agent_core_agenttodo_agent_todo_make_a_payment, target table: agent_todo_MAKE_A_PAYMENT, removed enabled: true
[DEBUG] 2018-02-07 10:41:25,331 uk.gov.dwp.uc.dip.schemagenerator.transformtable.TransformTableGenerator - source table:src_agent_core_agenttodoarchive_agent_todo_archive_stopped_caring, target table: agent_todo_archive_STOPPED_CARING, removed enabled: true
[DEBUG] 2018-02-07 10:41:25,331 uk.gov.dwp.uc.dip.schemagenerator.transformtable.TransformTableGenerator - source table:src_core_todo_todo_prepare_to_meet_work_coach_todo_properties, target table: todo_PREPARE_TO_MEET_WORK_COACH_TODO_PROPERTIES, removed enabled: true
[DEBUG] 2018-02-07 10:41:25,332 uk.gov.dwp.uc.dip.schemagenerator.transformtable.TransformTableGenerator - source table:src_agent_core_agenttodo_agent_todo_add_child, target table: agent_todo_ADD_CHILD, removed enabled: true
[DEBUG] 2018-02-07 10:41:25,333 uk.gov.dwp.uc.dip.schemagenerator.transformtable.TransformTableGenerator - source table:src_agent_core_agenttodoarchive_agent_todo_archive_non_dependent_housing_cost_contribution, target table: agent_todo_archive_NON_DEPENDENT_HOUSING_COST_CONTRIBUTION, removed enabled: true
[DEBUG] 2018-02-07 10:41:25,340 uk.gov.dwp.uc.dip.schemagenerator.transformtable.TransformTableGenerator - source table:src_core_journal_journal_submitclaimjournalentry, target table: journal_SubmitClaimJournalEntry, removed enabled: true
[DEBUG] 2018-02-07 10:41:25,460 uk.gov.dwp.uc.dip.schemagenerator.transformtable.TransformTableGenerator - source table:src_core_journal_journal_personsummaryjournalentry, target table: journal_PersonSummaryJournalEntry, removed enabled: true
[DEBUG] 2018-02-07 10:41:25,462 uk.gov.dwp.uc.dip.schemagenerator.transformtable.TransformTableGenerator - source table:src_core_todo_todo_stopped_working_previous_earnings, target table: todo_STOPPED_WORKING_PREVIOUS_EARNINGS, removed enabled: true
[DEBUG] 2018-02-07 10:41:25,463 uk.gov.dwp.uc.dip.schemagenerator.transformtable.TransformTableGenerator - source table:src_agent_core_agenttodo_agent_todo_journal_entry, target table: agent_todo_JOURNAL_ENTRY, removed enabled: true
[DEBUG] 2018-02-07 10:41:25,464 uk.gov.dwp.uc.dip.schemagenerator.transformtable.TransformTableGenerator - source table:src_core_todo_todo_report_self_employment_earnings_feedback_properties, target table: todo_REPORT_SELF_EMPLOYMENT_EARNINGS_FEEDBACK_PROPERTIES, removed enabled: true
[DEBUG] 2018-02-07 10:41:25,464 uk.gov.dwp.uc.dip.schemagenerator.transformtable.TransformTableGenerator - source table:src_agent_core_agenttodo_agent_todo_intervention_review, target table: agent_todo_INTERVENTION_REVIEW, removed enabled: true
[DEBUG] 2018-02-07 10:41:25,466 uk.gov.dwp.uc.dip.schemagenerator.transformtable.TransformTableGenerator - source table:src_agent_core_agenttodoarchive_agent_todo_archive_end_of_relationship_contact_claimant, target table: agent_todo_archive_END_OF_RELATIONSHIP_CONTACT_CLAIMANT, removed enabled: true
[DEBUG] 2018-02-07 10:41:25,468 uk.gov.dwp.uc.dip.schemagenerator.transformtable.TransformTableGenerator - source table:src_agent_core_agenttodo_agent_todo_offer_wca_referral_properties, target table: agent_todo_OFFER_WCA_REFERRAL_PROPERTIES, removed enabled: true
[DEBUG] 2018-02-07 10:41:25,469 uk.gov.dwp.uc.dip.schemagenerator.transformtable.TransformTableGenerator - source table:src_core_todo_todo_report_self_employed_earnings_properties, target table: todo_REPORT_SELF_EMPLOYED_EARNINGS_PROPERTIES, removed enabled: true
[DEBUG] 2018-02-07 10:41:25,469 uk.gov.dwp.uc.dip.schemagenerator.transformtable.TransformTableGenerator - source table:src_agent_core_agenttodo_agent_todo_make_a_decision_alp_to_do_properties, target table: agent_todo_MAKE_A_DECISION_ALP_TO_DO_PROPERTIES, removed enabled: true
[DEBUG] 2018-02-07 10:41:25,471 uk.gov.dwp.uc.dip.schemagenerator.transformtable.TransformTableGenerator - source table:src_agent_core_agenttodoarchive_agent_todo_archive_check_medical_evidence_properties, target table: agent_todo_archive_CHECK_MEDICAL_EVIDENCE_PROPERTIES, removed enabled: true
[DEBUG] 2018-02-07 10:41:25,472 uk.gov.dwp.uc.dip.schemagenerator.transformtable.TransformTableGenerator - source table:src_core_journal_journal_flexmorefrequentpaymentscancelledjournalentry, target table: journal_FlexMoreFrequentPaymentsCancelledJournalEntry, removed enabled: true
[DEBUG] 2018-02-07 10:41:25,472 uk.gov.dwp.uc.dip.schemagenerator.transformtable.TransformTableGenerator - source table:src_agent_core_agenttodo_agent_todo_retrospective_calc_properties, target table: agent_todo_RETROSPECTIVE_CALC_PROPERTIES, removed enabled: true
[DEBUG] 2018-02-07 10:41:25,473 uk.gov.dwp.uc.dip.schemagenerator.transformtable.TransformTableGenerator - source table:src_agent_core_agenttodoarchive_agent_todo_archive_account_locked_properties, target table: agent_todo_archive_ACCOUNT_LOCKED_PROPERTIES, removed enabled: true
[DEBUG] 2018-02-07 10:41:25,474 uk.gov.dwp.uc.dip.schemagenerator.transformtable.TransformTableGenerator - source table:src_core_journal_journal_childcaresummaryjournalentry, target table: journal_ChildcareSummaryJournalEntry, removed enabled: true
[DEBUG] 2018-02-07 10:41:25,476 uk.gov.dwp.uc.dip.schemagenerator.transformtable.TransformTableGenerator - source table:src_agent_core_agenttodoarchive_agent_todo_archive_calculate_deductions_properties, target table: agent_todo_archive_CALCULATE_DEDUCTIONS_PROPERTIES, removed enabled: true
[DEBUG] 2018-02-07 10:41:25,477 uk.gov.dwp.uc.dip.schemagenerator.transformtable.TransformTableGenerator - source table:src_core_todo_todo_bank_details_change, target table: todo_BANK_DETAILS_CHANGE, removed enabled: true
[DEBUG] 2018-02-07 10:41:25,478 uk.gov.dwp.uc.dip.schemagenerator.transformtable.TransformTableGenerator - source table:src_core_journal_journal_advanceapprovedjournalentry, target table: journal_advanceApprovedJournalEntry, removed enabled: true
[DEBUG] 2018-02-07 10:41:25,479 uk.gov.dwp.uc.dip.schemagenerator.transformtable.TransformTableGenerator - source table:src_agent_core_agenttodo_agent_todo_confirm_benefit_details, target table: agent_todo_CONFIRM_BENEFIT_DETAILS, removed enabled: true
[DEBUG] 2018-02-07 10:41:25,480 uk.gov.dwp.uc.dip.schemagenerator.transformtable.TransformTableGenerator - source table:src_agent_core_agenttodoarchive_agent_todo_archive_absent_child, target table: agent_todo_archive_ABSENT_CHILD, removed enabled: true
[DEBUG] 2018-02-07 10:41:25,481 uk.gov.dwp.uc.dip.schemagenerator.transformtable.TransformTableGenerator - source table:src_agent_core_agenttodo_agent_todo_non_dependent_housing_cost_contribution, target table: agent_todo_NON_DEPENDENT_HOUSING_COST_CONTRIBUTION, removed enabled: true
[DEBUG] 2018-02-07 10:41:25,482 uk.gov.dwp.uc.dip.schemagenerator.transformtable.TransformTableGenerator - source table:src_agent_core_agenttodo_agent_todo_refer_overpayment, target table: agent_todo_REFER_OVERPAYMENT, removed enabled: true
[DEBUG] 2018-02-07 10:41:25,483 uk.gov.dwp.uc.dip.schemagenerator.transformtable.TransformTableGenerator - source table:src_agent_core_agenttodo_agent_todo_update_cis_from_trace_cis_properties, target table: agent_todo_UPDATE_CIS_FROM_TRACE_CIS_PROPERTIES, removed enabled: true
[DEBUG] 2018-02-07 10:41:25,485 uk.gov.dwp.uc.dip.schemagenerator.transformtable.TransformTableGenerator - source table:src_agent_core_agenttodoarchive_agent_todo_archive_hrt_entitlement_recheck_properties, target table: agent_todo_archive_HRT_ENTITLEMENT_RECHECK_PROPERTIES, removed enabled: true
[DEBUG] 2018-02-07 10:41:25,486 uk.gov.dwp.uc.dip.schemagenerator.transformtable.TransformTableGenerator - source table:src_agent_core_agenttodo_agent_todo_backdated_claim, target table: agent_todo_BACKDATED_CLAIM, removed enabled: true
[DEBUG] 2018-02-07 10:41:25,487 uk.gov.dwp.uc.dip.schemagenerator.transformtable.TransformTableGenerator - source table:src_core_journal_journal_flexdirectpaymenttolandlordcancelledjournalentry, target table: journal_FlexDirectPaymentToLandlordCancelledJournalEntry, removed enabled: true
[DEBUG] 2018-02-07 10:41:25,489 uk.gov.dwp.uc.dip.schemagenerator.transformtable.TransformTableGenerator - source table:src_agent_core_agenttodoarchive_agent_todo_archive, target table: agent_todo_archive, removed enabled: true
[DEBUG] 2018-02-07 10:41:25,492 uk.gov.dwp.uc.dip.schemagenerator.transformtable.TransformTableGenerator - source table:src_agent_core_agenttodoarchive_agent_todo_archive_gather_evidence_for_waiting_days, target table: agent_todo_archive_GATHER_EVIDENCE_FOR_WAITING_DAYS, removed enabled: true
[DEBUG] 2018-02-07 10:41:25,493 uk.gov.dwp.uc.dip.schemagenerator.transformtable.TransformTableGenerator - source table:src_core_todo_todo_drop_in_earnings_previous_earnings, target table: todo_DROP_IN_EARNINGS_PREVIOUS_EARNINGS, removed enabled: true
[DEBUG] 2018-02-07 10:41:25,494 uk.gov.dwp.uc.dip.schemagenerator.transformtable.TransformTableGenerator - source table:src_agent_core_agenttodoarchive_agent_todo_archive_journal_entry, target table: agent_todo_archive_JOURNAL_ENTRY, removed enabled: true
[DEBUG] 2018-02-07 10:41:25,494 uk.gov.dwp.uc.dip.schemagenerator.transformtable.TransformTableGenerator - source table:src_agent_core_agenttodoarchive_agent_todo_archive_verify_self_employment, target table: agent_todo_archive_VERIFY_SELF_EMPLOYMENT, removed enabled: true
[DEBUG] 2018-02-07 10:41:25,496 uk.gov.dwp.uc.dip.schemagenerator.transformtable.TransformTableGenerator - source table:src_core_journal_journal_undefined, target table: journal_undefined, removed enabled: true
[DEBUG] 2018-02-07 10:41:25,497 uk.gov.dwp.uc.dip.schemagenerator.transformtable.TransformTableGenerator - source table:src_agent_core_agenttodoarchive_agent_todo_archive_rte_to_do_properties, target table: agent_todo_archive_RTE_TO_DO_PROPERTIES, removed enabled: true
[DEBUG] 2018-02-07 10:41:25,500 uk.gov.dwp.uc.dip.schemagenerator.transformtable.TransformTableGenerator - source table:src_core_todo_todo_attend_phone_appointment_todo_properties, target table: todo_ATTEND_PHONE_APPOINTMENT_TODO_PROPERTIES, removed enabled: true
[DEBUG] 2018-02-07 10:41:25,501 uk.gov.dwp.uc.dip.schemagenerator.transformtable.TransformTableGenerator - source table:src_agent_core_agenttodoarchive_agent_todo_archive_apa_check_landlord, target table: agent_todo_archive_APA_CHECK_LANDLORD, removed enabled: true
[DEBUG] 2018-02-07 10:41:25,502 uk.gov.dwp.uc.dip.schemagenerator.transformtable.TransformTableGenerator - source table:src_agent_core_agenttodoarchive_agent_todo_archive_difference_between_calculation_and_payments, target table: agent_todo_archive_DIFFERENCE_BETWEEN_CALCULATION_AND_PAYMENTS, removed enabled: true
[DEBUG] 2018-02-07 10:41:25,503 uk.gov.dwp.uc.dip.schemagenerator.transformtable.TransformTableGenerator - source table:src_core_todo_todo_initial_gather, target table: todo_INITIAL_GATHER, removed enabled: true
[DEBUG] 2018-02-07 10:41:25,504 uk.gov.dwp.uc.dip.schemagenerator.transformtable.TransformTableGenerator - source table:src_core_todo_todo_childcare_costs_change_circs, target table: todo_CHILDCARE_COSTS_CHANGE_CIRCS, removed enabled: true
[DEBUG] 2018-02-07 10:41:25,505 uk.gov.dwp.uc.dip.schemagenerator.transformtable.TransformTableGenerator - source table:src_agent_core_agenttodo_agent_todo_who_lives_with_you_summary, target table: agent_todo_WHO_LIVES_WITH_YOU_SUMMARY, removed enabled: true
[DEBUG] 2018-02-07 10:41:25,508 uk.gov.dwp.uc.dip.schemagenerator.transformtable.TransformTableGenerator - source table:src_agent_core_agenttodoarchive_agent_todo_archive_backdated_claim, target table: agent_todo_archive_BACKDATED_CLAIM, removed enabled: true
[DEBUG] 2018-02-07 10:41:25,509 uk.gov.dwp.uc.dip.schemagenerator.transformtable.TransformTableGenerator - source table:src_agent_core_agenttodo_agent_todo_verify_self_employment, target table: agent_todo_VERIFY_SELF_EMPLOYMENT, removed enabled: true
[DEBUG] 2018-02-07 10:41:25,509 uk.gov.dwp.uc.dip.schemagenerator.transformtable.TransformTableGenerator - source table:src_agent_core_agenttodoarchive_agent_todo_archive_starting_self_employment, target table: agent_todo_archive_STARTING_SELF_EMPLOYMENT, removed enabled: true
[DEBUG] 2018-02-07 10:41:25,510 uk.gov.dwp.uc.dip.schemagenerator.transformtable.TransformTableGenerator - source table:src_agent_core_agenttodo_agent_todo_update_cis_properties, target table: agent_todo_UPDATE_CIS_PROPERTIES, removed enabled: true
[DEBUG] 2018-02-07 10:41:25,511 uk.gov.dwp.uc.dip.schemagenerator.transformtable.TransformTableGenerator - source table:src_agent_core_agenttodo_agent_todo_make_a_decision_late_reporting_of_change_to_do_properties, target table: agent_todo_MAKE_A_DECISION_LATE_REPORTING_OF_CHANGE_TO_DO_PROPERTIES, removed enabled: true
[DEBUG] 2018-02-07 10:41:25,511 uk.gov.dwp.uc.dip.schemagenerator.transformtable.TransformTableGenerator - source table:src_agent_core_agenttodoarchive_agent_todo_archive_review_claimant_upload_properties, target table: agent_todo_archive_REVIEW_CLAIMANT_UPLOAD_PROPERTIES, removed enabled: true
[DEBUG] 2018-02-07 10:41:25,512 uk.gov.dwp.uc.dip.schemagenerator.transformtable.TransformTableGenerator - source table:src_agent_core_agenttodoarchive_agent_todo_archive_notify_existing_benefit_to_do_properties, target table: agent_todo_archive_NOTIFY_EXISTING_BENEFIT_TO_DO_PROPERTIES, removed enabled: true
[DEBUG] 2018-02-07 10:41:25,513 uk.gov.dwp.uc.dip.schemagenerator.transformtable.TransformTableGenerator - source table:src_agent_core_agenttodoarchive_agent_todo_archive_report_this, target table: agent_todo_archive_REPORT_THIS, removed enabled: true
[DEBUG] 2018-02-07 10:41:25,514 uk.gov.dwp.uc.dip.schemagenerator.transformtable.TransformTableGenerator - source table:src_core_todo_todo_report_self_employment_earnings_properties, target table: todo_REPORT_SELF_EMPLOYMENT_EARNINGS_PROPERTIES, removed enabled: true
[DEBUG] 2018-02-07 10:41:25,515 uk.gov.dwp.uc.dip.schemagenerator.transformtable.TransformTableGenerator - source table:src_agent_core_agenttodoarchive_agent_todo_archive_extra_bedroom_due_to_disability, target table: agent_todo_archive_EXTRA_BEDROOM_DUE_TO_DISABILITY, removed enabled: true
[DEBUG] 2018-02-07 10:41:25,516 uk.gov.dwp.uc.dip.schemagenerator.transformtable.TransformTableGenerator - source table:src_agent_core_agenttodoarchive_agent_todo_archive_check_calculation_properties, target table: agent_todo_archive_CHECK_CALCULATION_PROPERTIES, removed enabled: true
[DEBUG] 2018-02-07 10:41:25,518 uk.gov.dwp.uc.dip.schemagenerator.transformtable.TransformTableGenerator - source table:src_agent_core_agenttodoarchive_agent_todo_archive_report_this_self_employment, target table: agent_todo_archive_REPORT_THIS_SELF_EMPLOYMENT, removed enabled: true
[DEBUG] 2018-02-07 10:41:25,521 uk.gov.dwp.uc.dip.schemagenerator.transformtable.TransformTableGenerator - source table:src_agent_core_agenttodoarchive_agent_todo_archive_started_caring, target table: agent_todo_archive_STARTED_CARING, removed enabled: true
[DEBUG] 2018-02-07 10:41:25,523 uk.gov.dwp.uc.dip.schemagenerator.transformtable.TransformTableGenerator - source table:src_core_todo_todo_provide_fit_note_reminder, target table: todo_PROVIDE_FIT_NOTE_REMINDER, removed enabled: true
[DEBUG] 2018-02-07 10:41:25,523 uk.gov.dwp.uc.dip.schemagenerator.transformtable.TransformTableGenerator - source table:src_agent_core_agenttodoarchive_agent_todo_archive_new_relationship, target table: agent_todo_archive_NEW_RELATIONSHIP, removed enabled: true
[DEBUG] 2018-02-07 10:41:25,524 uk.gov.dwp.uc.dip.schemagenerator.transformtable.TransformTableGenerator - source table:src_core_journal_journal_provideproofofyourchildcareproviderjournalentry, target table: journal_ProvideProofOfYourChildcareProviderJournalEntry, removed enabled: true
[DEBUG] 2018-02-07 10:41:25,525 uk.gov.dwp.uc.dip.schemagenerator.transformtable.TransformTableGenerator - source table:src_agent_core_agenttodoarchive_agent_todo_archive_date_of_birth_summary, target table: agent_todo_archive_DATE_OF_BIRTH_SUMMARY, removed enabled: true
[DEBUG] 2018-02-07 10:41:25,526 uk.gov.dwp.uc.dip.schemagenerator.transformtable.TransformTableGenerator - source table:src_agent_core_agenttodo_agent_todo_review_sanctions_todo, target table: agent_todo_REVIEW_SANCTIONS_TODO, removed enabled: true
[DEBUG] 2018-02-07 10:41:25,527 uk.gov.dwp.uc.dip.schemagenerator.transformtable.TransformTableGenerator - source table:src_agent_core_agenttodoarchive_agent_todo_archive_work_allowance_changes_contact_claimant, target table: agent_todo_archive_WORK_ALLOWANCE_CHANGES_CONTACT_CLAIMANT, removed enabled: true
[DEBUG] 2018-02-07 10:41:25,527 uk.gov.dwp.uc.dip.schemagenerator.transformtable.TransformTableGenerator - source table:src_agent_core_agenttodo_agent_todo_generate_statement, target table: agent_todo_GENERATE_STATEMENT, removed enabled: true
[DEBUG] 2018-02-07 10:41:25,528 uk.gov.dwp.uc.dip.schemagenerator.transformtable.TransformTableGenerator - source table:src_agent_core_agenttodoarchive_agent_todo_archive_verify_childcare, target table: agent_todo_archive_VERIFY_CHILDCARE, removed enabled: true
[DEBUG] 2018-02-07 10:41:25,529 uk.gov.dwp.uc.dip.schemagenerator.transformtable.TransformTableGenerator - source table:src_agent_core_agenttodo_agent_todo_starting_self_employment, target table: agent_todo_STARTING_SELF_EMPLOYMENT, removed enabled: true
[DEBUG] 2018-02-07 10:41:25,530 uk.gov.dwp.uc.dip.schemagenerator.transformtable.TransformTableGenerator - source table:src_agent_core_agenttodo_agent_todo_agent_generated_to_do_properties, target table: agent_todo_AGENT_GENERATED_TO_DO_PROPERTIES, removed enabled: true
[DEBUG] 2018-02-07 10:41:25,530 uk.gov.dwp.uc.dip.schemagenerator.transformtable.TransformTableGenerator - source table:src_agent_core_agenttodo_agent_todo_review_minimum_income_floor_to_do_properties, target table: agent_todo_REVIEW_MINIMUM_INCOME_FLOOR_TO_DO_PROPERTIES, removed enabled: true
[DEBUG] 2018-02-07 10:41:25,531 uk.gov.dwp.uc.dip.schemagenerator.transformtable.TransformTableGenerator - source table:src_core_todo_todo_annual_verification_todo_properties, target table: todo_ANNUAL_VERIFICATION_TODO_PROPERTIES, removed enabled: true
[DEBUG] 2018-02-07 10:41:25,532 uk.gov.dwp.uc.dip.schemagenerator.transformtable.TransformTableGenerator - source table:src_core_journal_journal_takingpartinanewservicepilotjournalentry, target table: journal_TakingPartInANewServicePilotJournalEntry, removed enabled: true
[DEBUG] 2018-02-07 10:41:25,532 uk.gov.dwp.uc.dip.schemagenerator.transformtable.TransformTableGenerator - source table:src_core_journal_journal_reviewuploaddocumentsjournalentry, target table: journal_ReviewUploadDocumentsJournalEntry, removed enabled: true
[DEBUG] 2018-02-07 10:41:25,534 uk.gov.dwp.uc.dip.schemagenerator.transformtable.TransformTableGenerator - source table:src_agent_core_agenttodoarchive_agent_todo_archive_update_cis_after_change_of_circs, target table: agent_todo_archive_UPDATE_CIS_AFTER_CHANGE_OF_CIRCS, removed enabled: true
[DEBUG] 2018-02-07 10:41:25,535 uk.gov.dwp.uc.dip.schemagenerator.transformtable.TransformTableGenerator - source table:src_agent_core_agenttodoarchive_agent_todo_archive_book_appointment_work_group_change, target table: agent_todo_archive_BOOK_APPOINTMENT_WORK_GROUP_CHANGE, removed enabled: true
[DEBUG] 2018-02-07 10:41:25,536 uk.gov.dwp.uc.dip.schemagenerator.transformtable.TransformTableGenerator - source table:src_agent_core_agenttodo_agent_todo_work_and_earnings_summary, target table: agent_todo_WORK_AND_EARNINGS_SUMMARY, removed enabled: true
[DEBUG] 2018-02-07 10:41:25,538 uk.gov.dwp.uc.dip.schemagenerator.transformtable.TransformTableGenerator - source table:src_agent_core_agenttodoarchive_agent_todo_archive_review_minimum_income_floor_to_do_properties, target table: agent_todo_archive_REVIEW_MINIMUM_INCOME_FLOOR_TO_DO_PROPERTIES, removed enabled: true
[DEBUG] 2018-02-07 10:41:25,538 uk.gov.dwp.uc.dip.schemagenerator.transformtable.TransformTableGenerator - source table:src_agent_core_agenttodo_agent_todo_assessment_period, target table: agent_todo_ASSESSMENT_PERIOD, removed enabled: true
[DEBUG] 2018-02-07 10:41:25,539 uk.gov.dwp.uc.dip.schemagenerator.transformtable.TransformTableGenerator - source table:src_agent_core_agenttodo_agent_todo_verify_file_uploaded_childcare, target table: agent_todo_VERIFY_FILE_UPLOADED_CHILDCARE, removed enabled: true
[DEBUG] 2018-02-07 10:41:25,540 uk.gov.dwp.uc.dip.schemagenerator.transformtable.TransformTableGenerator - source table:src_agent_core_agenttodoarchive_agent_todo_archive_review_deadline_todo, target table: agent_todo_archive_REVIEW_DEADLINE_TODO, removed enabled: true
[DEBUG] 2018-02-07 10:41:25,540 uk.gov.dwp.uc.dip.schemagenerator.transformtable.TransformTableGenerator - source table:src_agent_core_agenttodo_agent_todo_calculate_payment_properties, target table: agent_todo_CALCULATE_PAYMENT_PROPERTIES, removed enabled: true
[DEBUG] 2018-02-07 10:41:25,541 uk.gov.dwp.uc.dip.schemagenerator.transformtable.TransformTableGenerator - source table:src_agent_core_agenttodoarchive_agent_todo_archive_unmatched_claimant_to_do_properties, target table: agent_todo_archive_UNMATCHED_CLAIMANT_TO_DO_PROPERTIES, removed enabled: true
[DEBUG] 2018-02-07 10:41:25,542 uk.gov.dwp.uc.dip.schemagenerator.transformtable.TransformTableGenerator - source table:src_agent_core_agenttodoarchive_agent_todo_archive_address_summary, target table: agent_todo_archive_ADDRESS_SUMMARY, removed enabled: true
[DEBUG] 2018-02-07 10:41:25,543 uk.gov.dwp.uc.dip.schemagenerator.transformtable.TransformTableGenerator - source table:src_agent_core_agenttodoarchive_agent_todo_archive_entitlement_review_properties, target table: agent_todo_archive_ENTITLEMENT_REVIEW_PROPERTIES, removed enabled: true
[DEBUG] 2018-02-07 10:41:25,543 uk.gov.dwp.uc.dip.schemagenerator.transformtable.TransformTableGenerator - source table:src_agent_core_agenttodoarchive_agent_todo_archive_check_workgroup_and_commitments_for_pregnancy, target table: agent_todo_archive_CHECK_WORKGROUP_AND_COMMITMENTS_FOR_PREGNANCY, removed enabled: true
[DEBUG] 2018-02-07 10:41:25,544 uk.gov.dwp.uc.dip.schemagenerator.transformtable.TransformTableGenerator - source table:src_core_todo_todo_attend_appointment_todo_properties, target table: todo_ATTEND_APPOINTMENT_TODO_PROPERTIES, removed enabled: true
[DEBUG] 2018-02-07 10:41:25,545 uk.gov.dwp.uc.dip.schemagenerator.transformtable.TransformTableGenerator - source table:src_agent_core_agenttodo_agent_todo_extra_bedroom_due_to_disability, target table: agent_todo_EXTRA_BEDROOM_DUE_TO_DISABILITY, removed enabled: true
[DEBUG] 2018-02-07 10:41:25,546 uk.gov.dwp.uc.dip.schemagenerator.transformtable.TransformTableGenerator - source table:src_agent_core_agenttodoarchive_agent_todo_archive_record_overlapping_benefit_to_do_properties, target table: agent_todo_archive_RECORD_OVERLAPPING_BENEFIT_TO_DO_PROPERTIES, removed enabled: true
[DEBUG] 2018-02-07 10:41:25,547 uk.gov.dwp.uc.dip.schemagenerator.transformtable.TransformTableGenerator - source table:src_agent_core_agenttodo_agent_todo_person_details_properties, target table: agent_todo_PERSON_DETAILS_PROPERTIES, removed enabled: true
[DEBUG] 2018-02-07 10:41:25,549 uk.gov.dwp.uc.dip.schemagenerator.transformtable.TransformTableGenerator - source table:src_core_journal_journal_housingcostschangesummaryjournalentry, target table: journal_HousingCostsChangeSummaryJournalEntry, removed enabled: true
[DEBUG] 2018-02-07 10:41:25,551 uk.gov.dwp.uc.dip.schemagenerator.transformtable.TransformTableGenerator - source table:src_core_journal_journal_ucfraudpenaltyaddedjournalentry, target table: journal_ucFraudPenaltyAddedJournalEntry, removed enabled: true
[DEBUG] 2018-02-07 10:41:25,551 uk.gov.dwp.uc.dip.schemagenerator.transformtable.TransformTableGenerator - source table:src_agent_core_agenttodo_agent_todo_consider_wca_referral_properties, target table: agent_todo_CONSIDER_WCA_REFERRAL_PROPERTIES, removed enabled: true
[DEBUG] 2018-02-07 10:41:25,552 uk.gov.dwp.uc.dip.schemagenerator.transformtable.TransformTableGenerator - source table:src_agent_core_agenttodo_agent_todo_calculate_deductions_properties, target table: agent_todo_CALCULATE_DEDUCTIONS_PROPERTIES, removed enabled: true
[DEBUG] 2018-02-07 10:41:25,554 uk.gov.dwp.uc.dip.schemagenerator.transformtable.TransformTableGenerator - source table:src_agent_core_agenttodoarchive_agent_todo_archive_who_lives_with_you_summary, target table: agent_todo_archive_WHO_LIVES_WITH_YOU_SUMMARY, removed enabled: true
[DEBUG] 2018-02-07 10:41:25,556 uk.gov.dwp.uc.dip.schemagenerator.transformtable.TransformTableGenerator - source table:src_core_journal_journal_apaapprovedjournalentry, target table: journal_ApaApprovedJournalEntry, removed enabled: true
[DEBUG] 2018-02-07 10:41:25,556 uk.gov.dwp.uc.dip.schemagenerator.transformtable.TransformTableGenerator - source table:src_agent_core_agenttodo_agent_todo_time_off_caring, target table: agent_todo_TIME_OFF_CARING, removed enabled: true
[DEBUG] 2018-02-07 10:41:25,557 uk.gov.dwp.uc.dip.schemagenerator.transformtable.TransformTableGenerator - source table:src_agent_core_agenttodoarchive_agent_todo_archive_check_cis_for_carers_allowance_to_do_properties, target table: agent_todo_archive_CHECK_CIS_FOR_CARERS_ALLOWANCE_TO_DO_PROPERTIES, removed enabled: true
[DEBUG] 2018-02-07 10:41:25,557 uk.gov.dwp.uc.dip.schemagenerator.transformtable.TransformTableGenerator - source table:src_agent_core_agenttodo_agent_todo_hrt_entitlement_recheck_properties, target table: agent_todo_HRT_ENTITLEMENT_RECHECK_PROPERTIES, removed enabled: true
[DEBUG] 2018-02-07 10:41:25,559 uk.gov.dwp.uc.dip.schemagenerator.transformtable.TransformTableGenerator - source table:src_agent_core_agenttodoarchive_agent_todo_archive_earnings, target table: agent_todo_archive_EARNINGS, removed enabled: true
[DEBUG] 2018-02-07 10:41:25,559 uk.gov.dwp.uc.dip.schemagenerator.transformtable.TransformTableGenerator - source table:src_agent_core_agenttodoarchive_agent_todo_archive_self_employed_earnings_to_do_properties, target table: agent_todo_archive_SELF_EMPLOYED_EARNINGS_TO_DO_PROPERTIES, removed enabled: true
[DEBUG] 2018-02-07 10:41:25,560 uk.gov.dwp.uc.dip.schemagenerator.transformtable.TransformTableGenerator - source table:src_agent_core_agenttodo_agent_todo_for_assessment_period_properties, target table: agent_todo_FOR_ASSESSMENT_PERIOD_PROPERTIES, removed enabled: true
[DEBUG] 2018-02-07 10:41:25,560 uk.gov.dwp.uc.dip.schemagenerator.transformtable.TransformTableGenerator - source table:src_core_journal_journal_completeanewservicepilotjournalentry, target table: journal_CompleteANewServicePilotJournalEntry, removed enabled: true
[DEBUG] 2018-02-07 10:41:25,561 uk.gov.dwp.uc.dip.schemagenerator.transformtable.TransformTableGenerator - source table:src_agent_core_agenttodo_agent_todo_prepare_commitments_to_do_properties, target table: agent_todo_PREPARE_COMMITMENTS_TO_DO_PROPERTIES, removed enabled: true
[DEBUG] 2018-02-07 10:41:25,562 uk.gov.dwp.uc.dip.schemagenerator.transformtable.TransformTableGenerator - source table:src_core_journal_journal_adhoctodojournalentry, target table: journal_AdhocTodoJournalEntry, removed enabled: true
[DEBUG] 2018-02-07 10:41:25,563 uk.gov.dwp.uc.dip.schemagenerator.transformtable.TransformTableGenerator - source table:src_core_journal_journal_legacysanctionremovedjournalentry, target table: journal_legacySanctionRemovedJournalEntry, removed enabled: true
[DEBUG] 2018-02-07 10:41:25,563 uk.gov.dwp.uc.dip.schemagenerator.transformtable.TransformTableGenerator - source table:src_core_journal_journal_carerstartedsummaryjournalentry, target table: journal_CarerStartedSummaryJournalEntry, removed enabled: true
[DEBUG] 2018-02-07 10:41:25,565 uk.gov.dwp.uc.dip.schemagenerator.transformtable.TransformTableGenerator - source table:src_agent_core_agenttodoarchive_agent_todo_archive_rejected_caring, target table: agent_todo_archive_REJECTED_CARING, removed enabled: true
[DEBUG] 2018-02-07 10:41:25,566 uk.gov.dwp.uc.dip.schemagenerator.transformtable.TransformTableGenerator - source table:src_agent_core_agenttodo_agent_todo_make_a_payment_todo_properties, target table: agent_todo_MAKE_A_PAYMENT_TODO_PROPERTIES, removed enabled: true
[DEBUG] 2018-02-07 10:41:25,567 uk.gov.dwp.uc.dip.schemagenerator.transformtable.TransformTableGenerator - source table:src_core_journal_journal_flexdirectpaymenttolandlordagenttodojournalentry, target table: journal_FlexDirectPaymentToLandlordAgentToDoJournalEntry, removed enabled: true
[DEBUG] 2018-02-07 10:41:25,568 uk.gov.dwp.uc.dip.schemagenerator.transformtable.TransformTableGenerator - source table:src_agent_core_agenttodo_agent_todo_earnings, target table: agent_todo_EARNINGS, removed enabled: true
[DEBUG] 2018-02-07 10:41:25,568 uk.gov.dwp.uc.dip.schemagenerator.transformtable.TransformTableGenerator - source table:src_agent_core_agenttodo_agent_todo_scottish_flex_direct_payment_to_landlord, target table: agent_todo_SCOTTISH_FLEX_DIRECT_PAYMENT_TO_LANDLORD, removed enabled: true
[DEBUG] 2018-02-07 10:41:25,570 uk.gov.dwp.uc.dip.schemagenerator.transformtable.TransformTableGenerator - source table:src_agent_core_agenttodo_agent_todo_verify_social_housing_properties, target table: agent_todo_VERIFY_SOCIAL_HOUSING_PROPERTIES, removed enabled: true
[DEBUG] 2018-02-07 10:41:25,582 uk.gov.dwp.uc.dip.schemagenerator.transformtable.TransformTableGenerator - source table:src_agent_core_agenttodoarchive_agent_todo_archive_recover_overlapping_benefit_payments, target table: agent_todo_archive_RECOVER_OVERLAPPING_BENEFIT_PAYMENTS, removed enabled: true
[DEBUG] 2018-02-07 10:41:25,583 uk.gov.dwp.uc.dip.schemagenerator.transformtable.TransformTableGenerator - source table:src_agent_core_agenttodo_agent_todo_overdue_to_dos_for_calculation, target table: agent_todo_OVERDUE_TO_DOS_FOR_CALCULATION, removed enabled: true
[DEBUG] 2018-02-07 10:41:25,584 uk.gov.dwp.uc.dip.schemagenerator.transformtable.TransformTableGenerator - source table:src_agent_core_agenttodo_agent_todo_rte_supplied, target table: agent_todo_RTE_SUPPLIED, removed enabled: true
[DEBUG] 2018-02-07 10:41:25,585 uk.gov.dwp.uc.dip.schemagenerator.transformtable.TransformTableGenerator - source table:src_agent_core_agenttodoarchive_agent_todo_archive_person_summary, target table: agent_todo_archive_PERSON_SUMMARY, removed enabled: true
[DEBUG] 2018-02-07 10:41:25,586 uk.gov.dwp.uc.dip.schemagenerator.transformtable.TransformTableGenerator - source table:src_agent_core_agenttodoarchive_agent_todo_archive_prepare_commitments_to_do_properties, target table: agent_todo_archive_PREPARE_COMMITMENTS_TO_DO_PROPERTIES, removed enabled: true
[DEBUG] 2018-02-07 10:41:25,587 uk.gov.dwp.uc.dip.schemagenerator.transformtable.TransformTableGenerator - source table:src_agent_core_agenttodoarchive_agent_todo_archive_refer_overpayment, target table: agent_todo_archive_REFER_OVERPAYMENT, removed enabled: true
